{
"F:\\ScheduleReactCode\\react-painlessform\\src\\index.ts":{"path":"F:\\ScheduleReactCode\\react-painlessform\\src\\index.ts","s":{"1":1,"2":1,"3":1,"4":1,"5":1,"6":1,"7":1,"8":1,"9":1,"10":1,"11":1,"12":1,"13":1,"14":1,"15":1,"16":1,"17":1,"18":1,"19":1,"20":1,"21":1,"22":1,"23":1,"24":1,"25":1,"26":1,"27":1,"28":1,"29":1,"30":1,"31":1,"32":1,"33":1,"34":1,"35":1,"36":1,"37":1,"38":1,"39":1,"40":1,"41":1,"42":1,"43":1,"44":1,"45":1},"b":{},"f":{},"fnMap":{},"statementMap":{"1":{"start":{"line":1,"column":0},"end":{"line":3,"column":28}},"2":{"start":{"line":2,"column":4},"end":{"line":2,"column":15}},"3":{"start":{"line":4,"column":0},"end":{"line":6,"column":27}},"4":{"start":{"line":5,"column":4},"end":{"line":5,"column":22}},"5":{"start":{"line":7,"column":0},"end":{"line":9,"column":31}},"6":{"start":{"line":8,"column":4},"end":{"line":8,"column":21}},"7":{"start":{"line":10,"column":0},"end":{"line":19,"column":28}},"8":{"start":{"line":11,"column":4},"end":{"line":11,"column":9}},"9":{"start":{"line":12,"column":4},"end":{"line":12,"column":14}},"10":{"start":{"line":13,"column":4},"end":{"line":13,"column":20}},"11":{"start":{"line":14,"column":4},"end":{"line":14,"column":15}},"12":{"start":{"line":15,"column":4},"end":{"line":15,"column":10}},"13":{"start":{"line":16,"column":4},"end":{"line":16,"column":15}},"14":{"start":{"line":17,"column":4},"end":{"line":17,"column":29}},"15":{"start":{"line":18,"column":4},"end":{"line":18,"column":28}},"16":{"start":{"line":20,"column":0},"end":{"line":25,"column":32}},"17":{"start":{"line":21,"column":4},"end":{"line":21,"column":18}},"18":{"start":{"line":22,"column":4},"end":{"line":22,"column":13}},"19":{"start":{"line":23,"column":4},"end":{"line":23,"column":21}},"20":{"start":{"line":24,"column":4},"end":{"line":24,"column":32}},"21":{"start":{"line":26,"column":0},"end":{"line":32,"column":27}},"22":{"start":{"line":27,"column":4},"end":{"line":27,"column":9}},"23":{"start":{"line":28,"column":4},"end":{"line":28,"column":8}},"24":{"start":{"line":29,"column":4},"end":{"line":29,"column":14}},"25":{"start":{"line":30,"column":4},"end":{"line":30,"column":14}},"26":{"start":{"line":31,"column":4},"end":{"line":31,"column":27}},"27":{"start":{"line":33,"column":0},"end":{"line":37,"column":33}},"28":{"start":{"line":34,"column":4},"end":{"line":34,"column":14}},"29":{"start":{"line":35,"column":4},"end":{"line":35,"column":20}},"30":{"start":{"line":36,"column":4},"end":{"line":36,"column":22}},"31":{"start":{"line":38,"column":0},"end":{"line":41,"column":26}},"32":{"start":{"line":39,"column":4},"end":{"line":39,"column":24}},"33":{"start":{"line":40,"column":4},"end":{"line":40,"column":18}},"34":{"start":{"line":42,"column":0},"end":{"line":47,"column":25}},"35":{"start":{"line":43,"column":4},"end":{"line":43,"column":23}},"36":{"start":{"line":44,"column":4},"end":{"line":44,"column":14}},"37":{"start":{"line":45,"column":4},"end":{"line":45,"column":17}},"38":{"start":{"line":46,"column":4},"end":{"line":46,"column":26}},"39":{"start":{"line":48,"column":0},"end":{"line":50,"column":17}},"40":{"start":{"line":49,"column":4},"end":{"line":49,"column":16}},"41":{"start":{"line":51,"column":0},"end":{"line":56,"column":26}},"42":{"start":{"line":52,"column":4},"end":{"line":52,"column":13}},"43":{"start":{"line":53,"column":4},"end":{"line":53,"column":14}},"44":{"start":{"line":54,"column":4},"end":{"line":54,"column":18}},"45":{"start":{"line":55,"column":4},"end":{"line":55,"column":19}}},"branchMap":{},"l":{"1":1,"2":1,"4":1,"5":1,"7":1,"8":1,"10":1,"11":1,"12":1,"13":1,"14":1,"15":1,"16":1,"17":1,"18":1,"20":1,"21":1,"22":1,"23":1,"24":1,"26":1,"27":1,"28":1,"29":1,"30":1,"31":1,"33":1,"34":1,"35":1,"36":1,"38":1,"39":1,"40":1,"42":1,"43":1,"44":1,"45":1,"46":1,"48":1,"49":1,"51":1,"52":1,"53":1,"54":1,"55":1}},
"F:\\ScheduleReactCode\\react-painlessform\\src\\interfaces\\field.ts":{"path":"F:\\ScheduleReactCode\\react-painlessform\\src\\interfaces\\field.ts","s":{},"b":{},"f":{},"fnMap":{},"statementMap":{},"branchMap":{},"l":{}},
"F:\\ScheduleReactCode\\react-painlessform\\src\\interfaces\\form.ts":{"path":"F:\\ScheduleReactCode\\react-painlessform\\src\\interfaces\\form.ts","s":{},"b":{},"f":{},"fnMap":{},"statementMap":{},"branchMap":{},"l":{}},
"F:\\ScheduleReactCode\\react-painlessform\\src\\helpers\\formFactory.ts":{"path":"F:\\ScheduleReactCode\\react-painlessform\\src\\helpers\\formFactory.ts","s":{"1":1,"2":1,"3":1,"4":1,"5":1,"6":91,"7":1},"b":{},"f":{},"fnMap":{},"statementMap":{"1":{"start":{"line":1,"column":0},"end":{"line":1,"column":109}},"2":{"start":{"line":2,"column":0},"end":{"line":2,"column":86}},"3":{"start":{"line":3,"column":0},"end":{"line":3,"column":113}},"4":{"start":{"line":4,"column":0},"end":{"line":4,"column":118}},"5":{"start":{"line":27,"column":0},"end":{"line":38,"column":1}},"6":{"start":{"line":28,"column":4},"end":{"line":37,"column":6}},"7":{"start":{"line":27,"column":0},"end":{"line":38,"column":1}}},"branchMap":{},"l":{"1":1,"2":1,"3":1,"4":1,"27":1,"28":91}},
"F:\\ScheduleReactCode\\react-painlessform\\src\\components\\Field.tsx":{"path":"F:\\ScheduleReactCode\\react-painlessform\\src\\components\\Field.tsx","s":{"1":1,"2":1,"3":1,"4":1,"5":1,"6":1,"7":1,"8":1,"9":1,"10":33,"11":33,"12":0,"13":0,"14":0,"15":33,"16":5,"17":5,"18":5,"19":5,"20":0,"21":5,"22":33,"23":10,"24":10,"25":10,"26":10,"27":0,"28":1,"29":50,"30":50,"31":50,"32":1,"33":32,"34":4,"35":1,"36":17,"37":1,"38":1,"39":40,"40":40,"41":40,"42":0,"43":0,"44":0,"45":0,"46":17,"47":23,"48":1,"49":0,"50":0,"51":1,"52":1,"53":1,"54":1,"55":1,"56":1,"57":1,"58":72,"59":72,"60":72,"61":72,"62":72,"63":72,"64":72,"65":0,"66":72,"67":72,"68":72,"69":72,"70":72,"71":72,"72":72,"73":1,"74":1},"b":{"1":[33,33,33],"2":[0,0],"3":[5,0],"4":[0,5],"5":[10,0],"6":[0,10],"7":[5,45],"8":[50,0],"9":[50,50],"10":[4,28],"11":[1,16],"12":[17,23],"13":[40,40,40,40],"14":[0,0],"15":[0,72],"16":[5,67],"17":[5,67],"18":[5,67],"19":[72,0,72,72]},"f":{"1":5,"2":10,"3":17,"4":40,"5":0,"6":0,"7":0,"8":0,"9":72,"10":72},"fnMap":{"1":{"name":"(anonymous_11)","line":244,"loc":{"start":{"line":244,"column":27},"end":{"line":244,"column":74}}},"2":{"name":"(anonymous_12)","line":265,"loc":{"start":{"line":265,"column":21},"end":{"line":265,"column":59}}},"3":{"name":"(anonymous_15)","line":164,"loc":{"start":{"line":164,"column":4},"end":{"line":164,"column":47}}},"4":{"name":"(anonymous_16)","line":180,"loc":{"start":{"line":180,"column":4},"end":{"line":180,"column":50}}},"5":{"name":"(anonymous_17)","line":199,"loc":{"start":{"line":199,"column":37},"end":{"line":199,"column":42}}},"6":{"name":"(anonymous_18)","line":200,"loc":{"start":{"line":200,"column":31},"end":{"line":200,"column":36}}},"7":{"name":"(anonymous_19)","line":202,"loc":{"start":{"line":202,"column":36},"end":{"line":202,"column":41}}},"8":{"name":"(anonymous_20)","line":203,"loc":{"start":{"line":203,"column":30},"end":{"line":203,"column":35}}},"9":{"name":"(anonymous_25)","line":326,"loc":{"start":{"line":326,"column":17},"end":{"line":326,"column":28}}},"10":{"name":"(anonymous_26)","line":328,"loc":{"start":{"line":328,"column":25},"end":{"line":328,"column":35}}}},"statementMap":{"1":{"start":{"line":1,"column":0},"end":{"line":1,"column":31}},"2":{"start":{"line":2,"column":0},"end":{"line":2,"column":46}},"3":{"start":{"line":5,"column":0},"end":{"line":5,"column":59}},"4":{"start":{"line":7,"column":0},"end":{"line":7,"column":55}},"5":{"start":{"line":113,"column":0},"end":{"line":120,"column":2}},"6":{"start":{"line":122,"column":15},"end":{"line":122,"column":96}},"7":{"start":{"line":127,"column":0},"end":{"line":288,"column":1}},"8":{"start":{"line":127,"column":35},"end":{"line":127,"column":65}},"9":{"start":{"line":127,"column":0},"end":{"line":288,"column":1}},"10":{"start":{"line":127,"column":0},"end":{"line":288,"column":1}},"11":{"start":{"line":233,"column":12},"end":{"line":238,"column":5}},"12":{"start":{"line":234,"column":8},"end":{"line":234,"column":26}},"13":{"start":{"line":235,"column":8},"end":{"line":237,"column":9}},"14":{"start":{"line":236,"column":12},"end":{"line":236,"column":33}},"15":{"start":{"line":244,"column":12},"end":{"line":259,"column":5}},"16":{"start":{"line":245,"column":8},"end":{"line":245,"column":22}},"17":{"start":{"line":246,"column":8},"end":{"line":252,"column":9}},"18":{"start":{"line":247,"column":18},"end":{"line":247,"column":71}},"19":{"start":{"line":248,"column":12},"end":{"line":248,"column":68}},"20":{"start":{"line":251,"column":12},"end":{"line":251,"column":30}},"21":{"start":{"line":254,"column":8},"end":{"line":258,"column":11}},"22":{"start":{"line":265,"column":12},"end":{"line":287,"column":5}},"23":{"start":{"line":266,"column":14},"end":{"line":273,"column":40}},"24":{"start":{"line":275,"column":8},"end":{"line":280,"column":10}},"25":{"start":{"line":282,"column":8},"end":{"line":282,"column":44}},"26":{"start":{"line":284,"column":8},"end":{"line":286,"column":9}},"27":{"start":{"line":285,"column":12},"end":{"line":285,"column":37}},"28":{"start":{"line":129,"column":4},"end":{"line":144,"column":5}},"29":{"start":{"line":130,"column":8},"end":{"line":130,"column":80}},"30":{"start":{"line":132,"column":8},"end":{"line":137,"column":10}},"31":{"start":{"line":139,"column":8},"end":{"line":143,"column":10}},"32":{"start":{"line":150,"column":4},"end":{"line":158,"column":5}},"33":{"start":{"line":151,"column":8},"end":{"line":157,"column":9}},"34":{"start":{"line":152,"column":12},"end":{"line":156,"column":15}},"35":{"start":{"line":164,"column":4},"end":{"line":172,"column":5}},"36":{"start":{"line":165,"column":8},"end":{"line":171,"column":9}},"37":{"start":{"line":166,"column":12},"end":{"line":170,"column":15}},"38":{"start":{"line":180,"column":4},"end":{"line":219,"column":5}},"39":{"start":{"line":181,"column":14},"end":{"line":190,"column":39}},"40":{"start":{"line":191,"column":14},"end":{"line":195,"column":40}},"41":{"start":{"line":197,"column":8},"end":{"line":217,"column":9}},"42":{"start":{"line":199,"column":46},"end":{"line":199,"column":59}},"43":{"start":{"line":200,"column":40},"end":{"line":200,"column":53}},"44":{"start":{"line":202,"column":45},"end":{"line":202,"column":58}},"45":{"start":{"line":203,"column":39},"end":{"line":203,"column":52}},"46":{"start":{"line":216,"column":12},"end":{"line":216,"column":24}},"47":{"start":{"line":218,"column":8},"end":{"line":218,"column":21}},"48":{"start":{"line":224,"column":12},"end":{"line":228,"column":5}},"49":{"start":{"line":225,"column":8},"end":{"line":227,"column":9}},"50":{"start":{"line":226,"column":12},"end":{"line":226,"column":45}},"51":{"start":{"line":128,"column":11},"end":{"line":128,"column":39}},"52":{"start":{"line":288,"column":0},"end":{"line":288,"column":1}},"53":{"start":{"line":127,"column":13},"end":{"line":127,"column":23}},"54":{"start":{"line":321,"column":0},"end":{"line":378,"column":1}},"55":{"start":{"line":321,"column":30},"end":{"line":321,"column":60}},"56":{"start":{"line":321,"column":0},"end":{"line":378,"column":1}},"57":{"start":{"line":322,"column":4},"end":{"line":377,"column":5}},"58":{"start":{"line":322,"column":4},"end":{"line":377,"column":5}},"59":{"start":{"line":323,"column":14},"end":{"line":323,"column":74}},"60":{"start":{"line":324,"column":8},"end":{"line":376,"column":10}},"61":{"start":{"line":326,"column":32},"end":{"line":374,"column":17}},"62":{"start":{"line":329,"column":28},"end":{"line":336,"column":67}},"63":{"start":{"line":338,"column":28},"end":{"line":338,"column":48}},"64":{"start":{"line":339,"column":28},"end":{"line":344,"column":29}},"65":{"start":{"line":340,"column":32},"end":{"line":343,"column":34}},"66":{"start":{"line":345,"column":28},"end":{"line":345,"column":71}},"67":{"start":{"line":346,"column":28},"end":{"line":346,"column":98}},"68":{"start":{"line":347,"column":28},"end":{"line":347,"column":102}},"69":{"start":{"line":348,"column":28},"end":{"line":348,"column":102}},"70":{"start":{"line":350,"column":28},"end":{"line":353,"column":101}},"71":{"start":{"line":355,"column":28},"end":{"line":355,"column":81}},"72":{"start":{"line":356,"column":28},"end":{"line":371,"column":30}},"73":{"start":{"line":378,"column":0},"end":{"line":378,"column":1}},"74":{"start":{"line":321,"column":13},"end":{"line":321,"column":18}}},"branchMap":{"1":{"line":127,"type":"binary-expr","locations":[{"start":{"line":127,"column":0},"end":{"line":288,"column":0}},{"start":{"line":127,"column":0},"end":{"line":288,"column":0}},{"start":{"line":127,"column":0},"end":{"line":288,"column":0}}]},"2":{"line":235,"type":"if","locations":[{"start":{"line":235,"column":8},"end":{"line":235,"column":7}},{"start":{"line":235,"column":8},"end":{"line":235,"column":7}}]},"3":{"line":246,"type":"if","locations":[{"start":{"line":246,"column":8},"end":{"line":246,"column":7}},{"start":{"line":246,"column":8},"end":{"line":246,"column":7}}]},"4":{"line":248,"type":"cond-expr","locations":[{"start":{"line":248,"column":46},"end":{"line":248,"column":53}},{"start":{"line":248,"column":56},"end":{"line":248,"column":67}}]},"5":{"line":279,"type":"binary-expr","locations":[{"start":{"line":279,"column":16},"end":{"line":279,"column":25}},{"start":{"line":279,"column":29},"end":{"line":279,"column":31}}]},"6":{"line":284,"type":"if","locations":[{"start":{"line":284,"column":8},"end":{"line":284,"column":7}},{"start":{"line":284,"column":8},"end":{"line":284,"column":7}}]},"7":{"line":134,"type":"cond-expr","locations":[{"start":{"line":134,"column":41},"end":{"line":134,"column":43}},{"start":{"line":134,"column":46},"end":{"line":134,"column":51}}]},"8":{"line":141,"type":"cond-expr","locations":[{"start":{"line":141,"column":18},"end":{"line":141,"column":35}},{"start":{"line":142,"column":18},"end":{"line":142,"column":65}}]},"9":{"line":140,"type":"binary-expr","locations":[{"start":{"line":140,"column":12},"end":{"line":140,"column":20}},{"start":{"line":140,"column":24},"end":{"line":140,"column":54}}]},"10":{"line":151,"type":"if","locations":[{"start":{"line":151,"column":8},"end":{"line":151,"column":7}},{"start":{"line":151,"column":8},"end":{"line":151,"column":7}}]},"11":{"line":165,"type":"if","locations":[{"start":{"line":165,"column":8},"end":{"line":165,"column":7}},{"start":{"line":165,"column":8},"end":{"line":165,"column":7}}]},"12":{"line":197,"type":"if","locations":[{"start":{"line":197,"column":8},"end":{"line":197,"column":7}},{"start":{"line":197,"column":8},"end":{"line":197,"column":7}}]},"13":{"line":198,"type":"binary-expr","locations":[{"start":{"line":198,"column":12},"end":{"line":200,"column":55}},{"start":{"line":201,"column":15},"end":{"line":203,"column":54}},{"start":{"line":204,"column":15},"end":{"line":204,"column":44}},{"start":{"line":205,"column":15},"end":{"line":214,"column":13}}]},"14":{"line":225,"type":"if","locations":[{"start":{"line":225,"column":8},"end":{"line":225,"column":7}},{"start":{"line":225,"column":8},"end":{"line":225,"column":7}}]},"15":{"line":339,"type":"if","locations":[{"start":{"line":339,"column":28},"end":{"line":339,"column":27}},{"start":{"line":339,"column":28},"end":{"line":339,"column":27}}]},"16":{"line":346,"type":"cond-expr","locations":[{"start":{"line":346,"column":69},"end":{"line":346,"column":78}},{"start":{"line":346,"column":81},"end":{"line":346,"column":97}}]},"17":{"line":347,"type":"cond-expr","locations":[{"start":{"line":347,"column":73},"end":{"line":347,"column":78}},{"start":{"line":347,"column":81},"end":{"line":347,"column":101}}]},"18":{"line":348,"type":"cond-expr","locations":[{"start":{"line":348,"column":73},"end":{"line":348,"column":78}},{"start":{"line":348,"column":81},"end":{"line":348,"column":101}}]},"19":{"line":351,"type":"binary-expr","locations":[{"start":{"line":351,"column":33},"end":{"line":351,"column":70}},{"start":{"line":352,"column":39},"end":{"line":352,"column":75}},{"start":{"line":353,"column":36},"end":{"line":353,"column":66}},{"start":{"line":353,"column":70},"end":{"line":353,"column":99}}]}},"l":{"1":1,"2":1,"5":1,"7":1,"113":1,"122":1,"127":33,"128":1,"129":1,"130":50,"132":50,"139":50,"150":1,"151":32,"152":4,"164":1,"165":17,"166":1,"180":1,"181":40,"191":40,"197":40,"199":0,"200":0,"202":0,"203":0,"216":17,"218":23,"224":1,"225":0,"226":0,"233":33,"234":0,"235":0,"236":0,"244":33,"245":5,"246":5,"247":5,"248":5,"251":0,"254":5,"265":33,"266":10,"275":10,"282":10,"284":10,"285":0,"288":1,"321":1,"322":72,"323":72,"324":72,"326":72,"329":72,"338":72,"339":72,"340":0,"345":72,"346":72,"347":72,"348":72,"350":72,"355":72,"356":72,"378":1}},
"F:\\ScheduleReactCode\\react-painlessform\\src\\tools.ts":{"path":"F:\\ScheduleReactCode\\react-painlessform\\src\\tools.ts","s":{"1":1,"2":80,"3":0,"4":80,"5":0,"6":80,"7":0,"8":0,"9":80,"10":1,"11":1,"12":9,"13":9,"14":9,"15":8,"16":8,"17":5,"18":9,"19":1,"20":1,"21":5,"22":1,"23":1,"24":13,"25":1},"b":{"1":[0,80],"2":[80,80,80],"3":[0,80],"4":[80,80,80],"5":[0,0],"6":[9,0],"7":[9,0],"8":[5,3],"9":[5,4]},"f":{"1":80,"2":9,"3":5,"4":13},"fnMap":{"1":{"name":"isArrayEqual","line":6,"loc":{"start":{"line":6,"column":0},"end":{"line":6,"column":57}}},"2":{"name":"mergeFormErrors","line":25,"loc":{"start":{"line":25,"column":0},"end":{"line":25,"column":74}}},"3":{"name":"isChangeEvent","line":40,"loc":{"start":{"line":40,"column":0},"end":{"line":40,"column":36}}},"4":{"name":"isYup","line":44,"loc":{"start":{"line":44,"column":0},"end":{"line":44,"column":28}}}},"statementMap":{"1":{"start":{"line":6,"column":0},"end":{"line":23,"column":1}},"2":{"start":{"line":7,"column":4},"end":{"line":11,"column":5}},"3":{"start":{"line":10,"column":8},"end":{"line":10,"column":21}},"4":{"start":{"line":12,"column":4},"end":{"line":16,"column":5}},"5":{"start":{"line":15,"column":8},"end":{"line":15,"column":21}},"6":{"start":{"line":17,"column":4},"end":{"line":21,"column":5}},"7":{"start":{"line":18,"column":8},"end":{"line":20,"column":9}},"8":{"start":{"line":19,"column":12},"end":{"line":19,"column":25}},"9":{"start":{"line":22,"column":4},"end":{"line":22,"column":16}},"10":{"start":{"line":6,"column":0},"end":{"line":23,"column":1}},"11":{"start":{"line":25,"column":0},"end":{"line":38,"column":1}},"12":{"start":{"line":26,"column":4},"end":{"line":26,"column":27}},"13":{"start":{"line":27,"column":4},"end":{"line":36,"column":5}},"14":{"start":{"line":28,"column":8},"end":{"line":35,"column":9}},"15":{"start":{"line":28,"column":13},"end":{"line":28,"column":22}},"16":{"start":{"line":29,"column":12},"end":{"line":34,"column":13}},"17":{"start":{"line":30,"column":16},"end":{"line":33,"column":18}},"18":{"start":{"line":37,"column":4},"end":{"line":37,"column":18}},"19":{"start":{"line":25,"column":0},"end":{"line":38,"column":1}},"20":{"start":{"line":40,"column":0},"end":{"line":42,"column":1}},"21":{"start":{"line":41,"column":4},"end":{"line":41,"column":30}},"22":{"start":{"line":40,"column":0},"end":{"line":42,"column":1}},"23":{"start":{"line":44,"column":0},"end":{"line":46,"column":1}},"24":{"start":{"line":45,"column":4},"end":{"line":45,"column":36}},"25":{"start":{"line":44,"column":0},"end":{"line":46,"column":1}}},"branchMap":{"1":{"line":7,"type":"if","locations":[{"start":{"line":7,"column":4},"end":{"line":7,"column":3}},{"start":{"line":7,"column":4},"end":{"line":7,"column":3}}]},"2":{"line":7,"type":"binary-expr","locations":[{"start":{"line":7,"column":8},"end":{"line":7,"column":25}},{"start":{"line":8,"column":12},"end":{"line":8,"column":32}},{"start":{"line":8,"column":36},"end":{"line":8,"column":56}}]},"3":{"line":12,"type":"if","locations":[{"start":{"line":12,"column":4},"end":{"line":12,"column":3}},{"start":{"line":12,"column":4},"end":{"line":12,"column":3}}]},"4":{"line":12,"type":"binary-expr","locations":[{"start":{"line":12,"column":8},"end":{"line":12,"column":28}},{"start":{"line":13,"column":11},"end":{"line":13,"column":31}},{"start":{"line":14,"column":11},"end":{"line":14,"column":42}}]},"5":{"line":18,"type":"if","locations":[{"start":{"line":18,"column":8},"end":{"line":18,"column":7}},{"start":{"line":18,"column":8},"end":{"line":18,"column":7}}]},"6":{"line":26,"type":"binary-expr","locations":[{"start":{"line":26,"column":17},"end":{"line":26,"column":20}},{"start":{"line":26,"column":24},"end":{"line":26,"column":26}}]},"7":{"line":27,"type":"if","locations":[{"start":{"line":27,"column":4},"end":{"line":27,"column":3}},{"start":{"line":27,"column":4},"end":{"line":27,"column":3}}]},"8":{"line":29,"type":"if","locations":[{"start":{"line":29,"column":12},"end":{"line":29,"column":11}},{"start":{"line":29,"column":12},"end":{"line":29,"column":11}}]},"9":{"line":32,"type":"binary-expr","locations":[{"start":{"line":32,"column":32},"end":{"line":32,"column":43}},{"start":{"line":32,"column":47},"end":{"line":32,"column":49}}]}},"l":{"6":1,"7":80,"10":0,"12":80,"15":0,"17":80,"18":0,"19":0,"22":80,"25":1,"26":9,"27":9,"28":9,"29":8,"30":5,"37":9,"40":1,"41":5,"44":1,"45":13}},
"F:\\ScheduleReactCode\\react-painlessform\\src\\components\\Form.tsx":{"path":"F:\\ScheduleReactCode\\react-painlessform\\src\\components\\Form.tsx","s":{"1":1,"2":1,"3":1,"4":1,"5":1,"6":1,"7":0,"8":0,"9":0,"10":0,"11":1,"12":1,"13":1,"14":8,"15":8,"16":8,"17":8,"18":8,"19":0,"20":0,"21":0,"22":8,"23":1,"24":1,"25":1,"26":1,"27":1,"28":1,"29":1,"30":8,"31":1,"32":1,"33":1,"34":1,"35":1,"36":1,"37":8,"38":10,"39":10,"40":0,"41":10,"42":10,"43":10,"44":10,"45":10,"46":8,"47":1,"48":8,"49":8,"50":8,"51":1,"52":10,"53":10,"54":10,"55":10,"56":10,"57":10,"58":0,"59":1,"60":10,"61":1,"62":18,"63":18,"64":1,"65":10,"66":0,"67":10,"68":10,"69":10,"70":8,"71":1,"72":1,"73":1},"b":{"1":[8,8],"2":[0,0],"3":[1,0],"4":[1,1],"5":[1,0],"6":[1,0],"7":[1,0],"8":[1,0],"9":[0,10],"10":[10,5],"11":[7,1],"12":[0,8],"13":[0,8],"14":[0,8],"15":[0,8],"16":[10,0],"17":[10,10,0],"18":[0,10],"19":[8,2]},"f":{"1":0,"2":0,"3":0,"4":0,"5":8,"6":8,"7":0,"8":1,"9":1,"10":1,"11":10,"12":10,"13":10,"14":8,"15":10,"16":10,"17":10},"fnMap":{"1":{"name":"(anonymous_8)","line":90,"loc":{"start":{"line":90,"column":17},"end":{"line":90,"column":22}}},"2":{"name":"(anonymous_9)","line":91,"loc":{"start":{"line":91,"column":18},"end":{"line":91,"column":23}}},"3":{"name":"(anonymous_10)","line":92,"loc":{"start":{"line":92,"column":20},"end":{"line":92,"column":25}}},"4":{"name":"(anonymous_11)","line":93,"loc":{"start":{"line":93,"column":22},"end":{"line":93,"column":27}}},"5":{"name":"Form","line":119,"loc":{"start":{"line":119,"column":4},"end":{"line":119,"column":36}}},"6":{"name":"(anonymous_14)","line":181,"loc":{"start":{"line":181,"column":29},"end":{"line":181,"column":49}}},"7":{"name":"(anonymous_15)","line":184,"loc":{"start":{"line":184,"column":31},"end":{"line":184,"column":51}}},"8":{"name":"(anonymous_16)","line":209,"loc":{"start":{"line":209,"column":27},"end":{"line":209,"column":67}}},"9":{"name":"(anonymous_17)","line":214,"loc":{"start":{"line":214,"column":22},"end":{"line":214,"column":27}}},"10":{"name":"(anonymous_19)","line":237,"loc":{"start":{"line":237,"column":26},"end":{"line":237,"column":43}}},"11":{"name":"(anonymous_20)","line":249,"loc":{"start":{"line":249,"column":27},"end":{"line":249,"column":79}}},"12":{"name":"(anonymous_21)","line":250,"loc":{"start":{"line":250,"column":22},"end":{"line":250,"column":26}}},"13":{"name":"(anonymous_22)","line":256,"loc":{"start":{"line":256,"column":38},"end":{"line":256,"column":49}}},"14":{"name":"(anonymous_23)","line":103,"loc":{"start":{"line":103,"column":4},"end":{"line":103,"column":82}}},"15":{"name":"(anonymous_24)","line":135,"loc":{"start":{"line":135,"column":4},"end":{"line":135,"column":76}}},"16":{"name":"(anonymous_25)","line":153,"loc":{"start":{"line":153,"column":4},"end":{"line":153,"column":75}}},"17":{"name":"(anonymous_27)","line":193,"loc":{"start":{"line":193,"column":4},"end":{"line":193,"column":72}}}},"statementMap":{"1":{"start":{"line":1,"column":0},"end":{"line":1,"column":31}},"2":{"start":{"line":2,"column":0},"end":{"line":2,"column":46}},"3":{"start":{"line":4,"column":0},"end":{"line":4,"column":110}},"4":{"start":{"line":79,"column":13},"end":{"line":83,"column":2}},"5":{"start":{"line":85,"column":0},"end":{"line":85,"column":38}},"6":{"start":{"line":87,"column":15},"end":{"line":94,"column":3}},"7":{"start":{"line":90,"column":23},"end":{"line":90,"column":27}},"8":{"start":{"line":91,"column":24},"end":{"line":91,"column":28}},"9":{"start":{"line":92,"column":26},"end":{"line":92,"column":30}},"10":{"start":{"line":93,"column":28},"end":{"line":93,"column":32}},"11":{"start":{"line":99,"column":0},"end":{"line":269,"column":1}},"12":{"start":{"line":99,"column":34},"end":{"line":99,"column":79}},"13":{"start":{"line":119,"column":4},"end":{"line":131,"column":5}},"14":{"start":{"line":119,"column":4},"end":{"line":131,"column":5}},"15":{"start":{"line":117,"column":12},"end":{"line":117,"column":51}},"16":{"start":{"line":181,"column":12},"end":{"line":183,"column":5}},"17":{"start":{"line":182,"column":8},"end":{"line":182,"column":38}},"18":{"start":{"line":184,"column":12},"end":{"line":189,"column":5}},"19":{"start":{"line":185,"column":8},"end":{"line":185,"column":52}},"20":{"start":{"line":186,"column":8},"end":{"line":188,"column":9}},"21":{"start":{"line":187,"column":12},"end":{"line":187,"column":43}},"22":{"start":{"line":209,"column":12},"end":{"line":227,"column":5}},"23":{"start":{"line":210,"column":14},"end":{"line":210,"column":51}},"24":{"start":{"line":211,"column":8},"end":{"line":213,"column":9}},"25":{"start":{"line":212,"column":12},"end":{"line":212,"column":35}},"26":{"start":{"line":214,"column":8},"end":{"line":223,"column":12}},"27":{"start":{"line":214,"column":31},"end":{"line":223,"column":10}},"28":{"start":{"line":224,"column":8},"end":{"line":226,"column":9}},"29":{"start":{"line":225,"column":12},"end":{"line":225,"column":66}},"30":{"start":{"line":231,"column":12},"end":{"line":245,"column":5}},"31":{"start":{"line":232,"column":14},"end":{"line":232,"column":47}},"32":{"start":{"line":233,"column":8},"end":{"line":235,"column":9}},"33":{"start":{"line":234,"column":12},"end":{"line":234,"column":22}},"34":{"start":{"line":236,"column":8},"end":{"line":244,"column":9}},"35":{"start":{"line":237,"column":12},"end":{"line":243,"column":16}},"36":{"start":{"line":237,"column":48},"end":{"line":243,"column":14}},"37":{"start":{"line":249,"column":12},"end":{"line":268,"column":5}},"38":{"start":{"line":250,"column":8},"end":{"line":267,"column":11}},"39":{"start":{"line":251,"column":12},"end":{"line":253,"column":13}},"40":{"start":{"line":252,"column":16},"end":{"line":252,"column":28}},"41":{"start":{"line":254,"column":12},"end":{"line":254,"column":41}},"42":{"start":{"line":255,"column":12},"end":{"line":255,"column":73}},"43":{"start":{"line":256,"column":12},"end":{"line":261,"column":15}},"44":{"start":{"line":257,"column":16},"end":{"line":260,"column":18}},"45":{"start":{"line":263,"column":12},"end":{"line":266,"column":14}},"46":{"start":{"line":122,"column":8},"end":{"line":130,"column":10}},"47":{"start":{"line":103,"column":11},"end":{"line":115,"column":5}},"48":{"start":{"line":104,"column":16},"end":{"line":104,"column":81}},"49":{"start":{"line":105,"column":8},"end":{"line":105,"column":76}},"50":{"start":{"line":107,"column":8},"end":{"line":114,"column":10}},"51":{"start":{"line":135,"column":4},"end":{"line":149,"column":5}},"52":{"start":{"line":136,"column":8},"end":{"line":136,"column":46}},"53":{"start":{"line":137,"column":16},"end":{"line":137,"column":60}},"54":{"start":{"line":138,"column":8},"end":{"line":138,"column":50}},"55":{"start":{"line":139,"column":16},"end":{"line":139,"column":57}},"56":{"start":{"line":141,"column":8},"end":{"line":147,"column":9}},"57":{"start":{"line":146,"column":12},"end":{"line":146,"column":24}},"58":{"start":{"line":148,"column":8},"end":{"line":148,"column":21}},"59":{"start":{"line":153,"column":4},"end":{"line":155,"column":5}},"60":{"start":{"line":154,"column":8},"end":{"line":154,"column":64}},"61":{"start":{"line":156,"column":4},"end":{"line":180,"column":5}},"62":{"start":{"line":157,"column":8},"end":{"line":171,"column":23}},"63":{"start":{"line":173,"column":8},"end":{"line":179,"column":10}},"64":{"start":{"line":193,"column":12},"end":{"line":202,"column":5}},"65":{"start":{"line":194,"column":8},"end":{"line":196,"column":9}},"66":{"start":{"line":195,"column":12},"end":{"line":195,"column":19}},"67":{"start":{"line":197,"column":8},"end":{"line":197,"column":49}},"68":{"start":{"line":198,"column":8},"end":{"line":198,"column":57}},"69":{"start":{"line":199,"column":8},"end":{"line":201,"column":9}},"70":{"start":{"line":200,"column":12},"end":{"line":200,"column":57}},"71":{"start":{"line":100,"column":11},"end":{"line":102,"column":6}},"72":{"start":{"line":269,"column":0},"end":{"line":269,"column":1}},"73":{"start":{"line":99,"column":13},"end":{"line":99,"column":17}}},"branchMap":{"1":{"line":120,"type":"binary-expr","locations":[{"start":{"line":120,"column":8},"end":{"line":120,"column":20}},{"start":{"line":120,"column":20},"end":{"line":131,"column":4}}]},"2":{"line":186,"type":"if","locations":[{"start":{"line":186,"column":8},"end":{"line":186,"column":7}},{"start":{"line":186,"column":8},"end":{"line":186,"column":7}}]},"3":{"line":211,"type":"if","locations":[{"start":{"line":211,"column":8},"end":{"line":211,"column":7}},{"start":{"line":211,"column":8},"end":{"line":211,"column":7}}]},"4":{"line":211,"type":"binary-expr","locations":[{"start":{"line":211,"column":12},"end":{"line":211,"column":17}},{"start":{"line":211,"column":21},"end":{"line":211,"column":56}}]},"5":{"line":224,"type":"if","locations":[{"start":{"line":224,"column":8},"end":{"line":224,"column":7}},{"start":{"line":224,"column":8},"end":{"line":224,"column":7}}]},"6":{"line":233,"type":"if","locations":[{"start":{"line":233,"column":8},"end":{"line":233,"column":7}},{"start":{"line":233,"column":8},"end":{"line":233,"column":7}}]},"7":{"line":236,"type":"if","locations":[{"start":{"line":236,"column":8},"end":{"line":236,"column":7}},{"start":{"line":236,"column":8},"end":{"line":236,"column":7}}]},"8":{"line":239,"type":"cond-expr","locations":[{"start":{"line":239,"column":22},"end":{"line":239,"column":84}},{"start":{"line":240,"column":22},"end":{"line":240,"column":39}}]},"9":{"line":251,"type":"if","locations":[{"start":{"line":251,"column":12},"end":{"line":251,"column":11}},{"start":{"line":251,"column":12},"end":{"line":251,"column":11}}]},"10":{"line":251,"type":"binary-expr","locations":[{"start":{"line":251,"column":16},"end":{"line":251,"column":33}},{"start":{"line":251,"column":37},"end":{"line":251,"column":75}}]},"11":{"line":123,"type":"cond-expr","locations":[{"start":{"line":123,"column":38},"end":{"line":123,"column":79}},{"start":{"line":123,"column":82},"end":{"line":123,"column":99}}]},"12":{"line":105,"type":"cond-expr","locations":[{"start":{"line":105,"column":38},"end":{"line":105,"column":61}},{"start":{"line":105,"column":64},"end":{"line":105,"column":75}}]},"13":{"line":109,"type":"cond-expr","locations":[{"start":{"line":109,"column":18},"end":{"line":109,"column":44}},{"start":{"line":110,"column":18},"end":{"line":110,"column":23}}]},"14":{"line":112,"type":"cond-expr","locations":[{"start":{"line":112,"column":49},"end":{"line":112,"column":58}},{"start":{"line":112,"column":61},"end":{"line":112,"column":76}}]},"15":{"line":113,"type":"cond-expr","locations":[{"start":{"line":113,"column":55},"end":{"line":113,"column":67}},{"start":{"line":113,"column":70},"end":{"line":113,"column":88}}]},"16":{"line":141,"type":"if","locations":[{"start":{"line":141,"column":8},"end":{"line":141,"column":7}},{"start":{"line":141,"column":8},"end":{"line":141,"column":7}}]},"17":{"line":142,"type":"binary-expr","locations":[{"start":{"line":142,"column":12},"end":{"line":142,"column":44}},{"start":{"line":143,"column":15},"end":{"line":143,"column":46}},{"start":{"line":144,"column":15},"end":{"line":144,"column":44}}]},"18":{"line":194,"type":"if","locations":[{"start":{"line":194,"column":8},"end":{"line":194,"column":7}},{"start":{"line":194,"column":8},"end":{"line":194,"column":7}}]},"19":{"line":199,"type":"if","locations":[{"start":{"line":199,"column":8},"end":{"line":199,"column":7}},{"start":{"line":199,"column":8},"end":{"line":199,"column":7}}]}},"l":{"1":1,"2":1,"4":1,"79":1,"85":1,"87":1,"90":0,"91":0,"92":0,"93":0,"99":1,"100":1,"103":1,"104":8,"105":8,"107":8,"117":8,"119":8,"122":8,"135":1,"136":10,"137":10,"138":10,"139":10,"141":10,"146":10,"148":0,"153":1,"154":10,"156":1,"157":18,"173":18,"181":8,"182":8,"184":8,"185":0,"186":0,"187":0,"193":1,"194":10,"195":0,"197":10,"198":10,"199":10,"200":8,"209":8,"210":1,"211":1,"212":1,"214":1,"224":1,"225":1,"231":8,"232":1,"233":1,"234":1,"236":1,"237":1,"249":8,"250":10,"251":10,"252":0,"254":10,"255":10,"256":10,"257":10,"263":10,"269":1}},
"F:\\ScheduleReactCode\\react-painlessform\\src\\helpers\\form.ts":{"path":"F:\\ScheduleReactCode\\react-painlessform\\src\\helpers\\form.ts","s":{"1":1,"2":10,"3":10,"4":12,"5":12,"6":10,"7":1,"8":1,"9":1,"10":1,"11":4,"12":4,"13":1,"14":1,"15":1,"16":9,"17":9,"18":34,"19":34,"20":9,"21":1,"22":1,"23":0,"24":0,"25":0,"26":0,"27":0,"28":1,"29":1,"30":27,"31":27,"32":1,"33":26,"34":89,"35":89,"36":26,"37":1},"b":{"1":[12,5],"2":[34,34],"3":[34,34],"4":[1,26]},"f":{"1":10,"2":1,"3":9,"4":0,"5":27},"fnMap":{"1":{"name":"mergeModels","line":4,"loc":{"start":{"line":4,"column":0},"end":{"line":4,"column":80}}},"2":{"name":"updateModelFields","line":20,"loc":{"start":{"line":20,"column":0},"end":{"line":20,"column":90}}},"3":{"name":"updateModel","line":36,"loc":{"start":{"line":36,"column":0},"end":{"line":36,"column":93}}},"4":{"name":"resetModel","line":52,"loc":{"start":{"line":52,"column":0},"end":{"line":52,"column":49}}},"5":{"name":"getValuesFromModel","line":71,"loc":{"start":{"line":71,"column":0},"end":{"line":71,"column":57}}}},"statementMap":{"1":{"start":{"line":4,"column":0},"end":{"line":13,"column":1}},"2":{"start":{"line":5,"column":4},"end":{"line":5,"column":57}},"3":{"start":{"line":6,"column":4},"end":{"line":11,"column":5}},"4":{"start":{"line":6,"column":9},"end":{"line":6,"column":18}},"5":{"start":{"line":7,"column":8},"end":{"line":10,"column":10}},"6":{"start":{"line":12,"column":4},"end":{"line":12,"column":20}},"7":{"start":{"line":4,"column":0},"end":{"line":13,"column":1}},"8":{"start":{"line":20,"column":0},"end":{"line":29,"column":1}},"9":{"start":{"line":21,"column":4},"end":{"line":21,"column":57}},"10":{"start":{"line":22,"column":4},"end":{"line":27,"column":5}},"11":{"start":{"line":22,"column":9},"end":{"line":22,"column":18}},"12":{"start":{"line":23,"column":8},"end":{"line":26,"column":10}},"13":{"start":{"line":28,"column":4},"end":{"line":28,"column":20}},"14":{"start":{"line":20,"column":0},"end":{"line":29,"column":1}},"15":{"start":{"line":36,"column":0},"end":{"line":46,"column":1}},"16":{"start":{"line":37,"column":4},"end":{"line":37,"column":57}},"17":{"start":{"line":38,"column":4},"end":{"line":44,"column":5}},"18":{"start":{"line":38,"column":9},"end":{"line":38,"column":18}},"19":{"start":{"line":39,"column":8},"end":{"line":43,"column":10}},"20":{"start":{"line":45,"column":4},"end":{"line":45,"column":20}},"21":{"start":{"line":36,"column":0},"end":{"line":46,"column":1}},"22":{"start":{"line":52,"column":0},"end":{"line":65,"column":1}},"23":{"start":{"line":53,"column":4},"end":{"line":53,"column":43}},"24":{"start":{"line":54,"column":4},"end":{"line":63,"column":5}},"25":{"start":{"line":54,"column":9},"end":{"line":54,"column":18}},"26":{"start":{"line":55,"column":8},"end":{"line":62,"column":10}},"27":{"start":{"line":64,"column":4},"end":{"line":64,"column":20}},"28":{"start":{"line":52,"column":0},"end":{"line":65,"column":1}},"29":{"start":{"line":71,"column":0},"end":{"line":80,"column":1}},"30":{"start":{"line":72,"column":4},"end":{"line":72,"column":32}},"31":{"start":{"line":73,"column":4},"end":{"line":75,"column":5}},"32":{"start":{"line":74,"column":8},"end":{"line":74,"column":25}},"33":{"start":{"line":76,"column":4},"end":{"line":78,"column":5}},"34":{"start":{"line":76,"column":9},"end":{"line":76,"column":18}},"35":{"start":{"line":77,"column":8},"end":{"line":77,"column":39}},"36":{"start":{"line":79,"column":4},"end":{"line":79,"column":18}},"37":{"start":{"line":71,"column":0},"end":{"line":80,"column":1}}},"branchMap":{"1":{"line":8,"type":"binary-expr","locations":[{"start":{"line":8,"column":16},"end":{"line":8,"column":29}},{"start":{"line":8,"column":33},"end":{"line":8,"column":35}}]},"2":{"line":40,"type":"binary-expr","locations":[{"start":{"line":40,"column":16},"end":{"line":40,"column":29}},{"start":{"line":40,"column":33},"end":{"line":40,"column":35}}]},"3":{"line":42,"type":"binary-expr","locations":[{"start":{"line":42,"column":16},"end":{"line":42,"column":20}},{"start":{"line":42,"column":24},"end":{"line":42,"column":26}}]},"4":{"line":73,"type":"if","locations":[{"start":{"line":73,"column":4},"end":{"line":73,"column":3}},{"start":{"line":73,"column":4},"end":{"line":73,"column":3}}]}},"l":{"4":1,"5":10,"6":12,"7":12,"12":10,"20":1,"21":1,"22":4,"23":4,"28":1,"36":1,"37":9,"38":34,"39":34,"45":9,"52":1,"53":0,"54":0,"55":0,"64":0,"71":1,"72":27,"73":27,"74":1,"76":89,"77":89,"79":26}},
"F:\\ScheduleReactCode\\react-painlessform\\src\\components\\Transform.tsx":{"path":"F:\\ScheduleReactCode\\react-painlessform\\src\\components\\Transform.tsx","s":{"1":1,"2":1,"3":1,"4":1,"5":1,"6":1,"7":8,"8":8,"9":8,"10":10,"11":10,"12":10,"13":0,"14":10,"15":8,"16":0,"17":8,"18":0,"19":0,"20":0,"21":1,"22":18,"23":18,"24":18,"25":18,"26":18,"27":18,"28":18,"29":1,"30":8,"31":8,"32":1,"33":0,"34":0,"35":1,"36":1},"b":{"1":[8,8,8],"2":[0,0],"3":[18,18],"4":[8,0],"5":[0,0]},"f":{"1":10,"2":0,"3":0,"4":0,"5":18,"6":18},"fnMap":{"1":{"name":"(anonymous_9)","line":40,"loc":{"start":{"line":40,"column":16},"end":{"line":40,"column":71}}},"2":{"name":"(anonymous_10)","line":46,"loc":{"start":{"line":46,"column":34},"end":{"line":46,"column":45}}},"3":{"name":"(anonymous_11)","line":89,"loc":{"start":{"line":89,"column":29},"end":{"line":89,"column":49}}},"4":{"name":"(anonymous_12)","line":92,"loc":{"start":{"line":92,"column":31},"end":{"line":92,"column":51}}},"5":{"name":"(anonymous_14)","line":58,"loc":{"start":{"line":58,"column":17},"end":{"line":58,"column":27}}},"6":{"name":"(anonymous_15)","line":60,"loc":{"start":{"line":60,"column":25},"end":{"line":60,"column":29}}}},"statementMap":{"1":{"start":{"line":1,"column":0},"end":{"line":1,"column":31}},"2":{"start":{"line":4,"column":0},"end":{"line":4,"column":59}},"3":{"start":{"line":27,"column":15},"end":{"line":27,"column":93}},"4":{"start":{"line":37,"column":0},"end":{"line":98,"column":1}},"5":{"start":{"line":37,"column":34},"end":{"line":37,"column":68}},"6":{"start":{"line":37,"column":0},"end":{"line":98,"column":1}},"7":{"start":{"line":37,"column":0},"end":{"line":98,"column":1}},"8":{"start":{"line":38,"column":12},"end":{"line":38,"column":51}},"9":{"start":{"line":40,"column":4},"end":{"line":53,"column":5}},"10":{"start":{"line":41,"column":8},"end":{"line":41,"column":64}},"11":{"start":{"line":42,"column":8},"end":{"line":45,"column":10}},"12":{"start":{"line":46,"column":8},"end":{"line":51,"column":11}},"13":{"start":{"line":47,"column":12},"end":{"line":50,"column":14}},"14":{"start":{"line":52,"column":8},"end":{"line":52,"column":21}},"15":{"start":{"line":89,"column":12},"end":{"line":91,"column":5}},"16":{"start":{"line":90,"column":8},"end":{"line":90,"column":38}},"17":{"start":{"line":92,"column":12},"end":{"line":97,"column":5}},"18":{"start":{"line":93,"column":8},"end":{"line":93,"column":52}},"19":{"start":{"line":94,"column":8},"end":{"line":96,"column":9}},"20":{"start":{"line":95,"column":12},"end":{"line":95,"column":43}},"21":{"start":{"line":54,"column":4},"end":{"line":78,"column":5}},"22":{"start":{"line":54,"column":4},"end":{"line":78,"column":5}},"23":{"start":{"line":55,"column":16},"end":{"line":55,"column":55}},"24":{"start":{"line":56,"column":8},"end":{"line":77,"column":10}},"25":{"start":{"line":58,"column":31},"end":{"line":75,"column":17}},"26":{"start":{"line":61,"column":28},"end":{"line":64,"column":30}},"27":{"start":{"line":66,"column":28},"end":{"line":66,"column":63}},"28":{"start":{"line":68,"column":28},"end":{"line":72,"column":30}},"29":{"start":{"line":79,"column":4},"end":{"line":83,"column":5}},"30":{"start":{"line":80,"column":8},"end":{"line":82,"column":9}},"31":{"start":{"line":81,"column":12},"end":{"line":81,"column":47}},"32":{"start":{"line":84,"column":4},"end":{"line":88,"column":5}},"33":{"start":{"line":85,"column":8},"end":{"line":87,"column":9}},"34":{"start":{"line":86,"column":12},"end":{"line":86,"column":49}},"35":{"start":{"line":98,"column":0},"end":{"line":98,"column":1}},"36":{"start":{"line":37,"column":13},"end":{"line":37,"column":22}}},"branchMap":{"1":{"line":37,"type":"binary-expr","locations":[{"start":{"line":37,"column":0},"end":{"line":98,"column":0}},{"start":{"line":37,"column":0},"end":{"line":98,"column":0}},{"start":{"line":37,"column":0},"end":{"line":98,"column":0}}]},"2":{"line":94,"type":"if","locations":[{"start":{"line":94,"column":8},"end":{"line":94,"column":7}},{"start":{"line":94,"column":8},"end":{"line":94,"column":7}}]},"3":{"line":66,"type":"binary-expr","locations":[{"start":{"line":66,"column":44},"end":{"line":66,"column":54}},{"start":{"line":66,"column":58},"end":{"line":66,"column":62}}]},"4":{"line":80,"type":"if","locations":[{"start":{"line":80,"column":8},"end":{"line":80,"column":7}},{"start":{"line":80,"column":8},"end":{"line":80,"column":7}}]},"5":{"line":85,"type":"if","locations":[{"start":{"line":85,"column":8},"end":{"line":85,"column":7}},{"start":{"line":85,"column":8},"end":{"line":85,"column":7}}]}},"l":{"1":1,"4":1,"27":1,"37":8,"38":8,"40":8,"41":10,"42":10,"46":10,"47":0,"52":10,"54":18,"55":18,"56":18,"58":18,"61":18,"66":18,"68":18,"79":1,"80":8,"81":8,"84":1,"85":0,"86":0,"89":8,"90":0,"92":8,"93":0,"94":0,"95":0,"98":1}},
"F:\\ScheduleReactCode\\react-painlessform\\src\\components\\Validation.tsx":{"path":"F:\\ScheduleReactCode\\react-painlessform\\src\\components\\Validation.tsx","s":{"1":1,"2":1,"3":1,"4":1,"5":1,"6":1,"7":1,"8":1,"9":1,"10":1,"11":1,"12":1,"13":4,"14":4,"15":4,"16":4,"17":0,"18":4,"19":4,"20":4,"21":4,"22":4,"23":4,"24":1,"25":3,"26":3,"27":2,"28":2,"29":2,"30":2,"31":1,"32":2,"33":2,"34":1,"35":1,"36":2,"37":1,"38":1,"39":1,"40":1,"41":1,"42":1,"43":1,"44":3,"45":1,"46":1,"47":1,"48":1,"49":3,"50":3,"51":3,"52":3,"53":0,"54":1,"55":4,"56":4,"57":0,"58":0,"59":1,"60":1,"61":1},"b":{"1":[4,4,4],"2":[0,4],"3":[4,4],"4":[1,3],"5":[3,0],"6":[2,1],"7":[1,1],"8":[2,1],"9":[1,1],"10":[1,0],"11":[1,2],"12":[1,0],"13":[3,0]},"f":{"1":4,"2":2,"3":2,"4":1,"5":0,"6":0},"fnMap":{"1":{"name":"(anonymous_9)","line":85,"loc":{"start":{"line":85,"column":15},"end":{"line":85,"column":35}}},"2":{"name":"(anonymous_10)","line":119,"loc":{"start":{"line":119,"column":46},"end":{"line":119,"column":51}}},"3":{"name":"(anonymous_11)","line":124,"loc":{"start":{"line":124,"column":56},"end":{"line":124,"column":63}}},"4":{"name":"(anonymous_12)","line":131,"loc":{"start":{"line":131,"column":50},"end":{"line":131,"column":57}}},"5":{"name":"(anonymous_14)","line":180,"loc":{"start":{"line":180,"column":17},"end":{"line":180,"column":27}}},"6":{"name":"(anonymous_15)","line":182,"loc":{"start":{"line":182,"column":25},"end":{"line":182,"column":32}}}},"statementMap":{"1":{"start":{"line":1,"column":0},"end":{"line":1,"column":31}},"2":{"start":{"line":2,"column":0},"end":{"line":2,"column":46}},"3":{"start":{"line":7,"column":0},"end":{"line":7,"column":53}},"4":{"start":{"line":8,"column":0},"end":{"line":8,"column":57}},"5":{"start":{"line":10,"column":0},"end":{"line":10,"column":33}},"6":{"start":{"line":11,"column":0},"end":{"line":11,"column":61}},"7":{"start":{"line":54,"column":0},"end":{"line":54,"column":39}},"8":{"start":{"line":55,"column":0},"end":{"line":55,"column":52}},"9":{"start":{"line":57,"column":15},"end":{"line":61,"column":3}},"10":{"start":{"line":72,"column":0},"end":{"line":188,"column":1}},"11":{"start":{"line":72,"column":35},"end":{"line":72,"column":76}},"12":{"start":{"line":72,"column":0},"end":{"line":188,"column":1}},"13":{"start":{"line":72,"column":0},"end":{"line":188,"column":1}},"14":{"start":{"line":77,"column":4},"end":{"line":81,"column":6}},"15":{"start":{"line":85,"column":4},"end":{"line":175,"column":5}},"16":{"start":{"line":86,"column":8},"end":{"line":92,"column":9}},"17":{"start":{"line":87,"column":12},"end":{"line":91,"column":14}},"18":{"start":{"line":94,"column":14},"end":{"line":94,"column":57}},"19":{"start":{"line":96,"column":8},"end":{"line":96,"column":47}},"20":{"start":{"line":97,"column":8},"end":{"line":97,"column":34}},"21":{"start":{"line":98,"column":8},"end":{"line":98,"column":27}},"22":{"start":{"line":99,"column":8},"end":{"line":99,"column":53}},"23":{"start":{"line":101,"column":8},"end":{"line":103,"column":9}},"24":{"start":{"line":102,"column":12},"end":{"line":102,"column":46}},"25":{"start":{"line":105,"column":8},"end":{"line":152,"column":9}},"26":{"start":{"line":106,"column":12},"end":{"line":151,"column":13}},"27":{"start":{"line":107,"column":16},"end":{"line":135,"column":17}},"28":{"start":{"line":108,"column":20},"end":{"line":115,"column":23}},"29":{"start":{"line":117,"column":20},"end":{"line":117,"column":74}},"30":{"start":{"line":118,"column":20},"end":{"line":133,"column":21}},"31":{"start":{"line":119,"column":24},"end":{"line":126,"column":27}},"32":{"start":{"line":120,"column":28},"end":{"line":125,"column":30}},"33":{"start":{"line":124,"column":67},"end":{"line":124,"column":80}},"34":{"start":{"line":128,"column":24},"end":{"line":132,"column":26}},"35":{"start":{"line":131,"column":61},"end":{"line":131,"column":74}},"36":{"start":{"line":134,"column":20},"end":{"line":134,"column":36}},"37":{"start":{"line":137,"column":16},"end":{"line":143,"column":18}},"38":{"start":{"line":144,"column":16},"end":{"line":150,"column":17}},"39":{"start":{"line":144,"column":21},"end":{"line":144,"column":30}},"40":{"start":{"line":145,"column":20},"end":{"line":149,"column":21}},"41":{"start":{"line":146,"column":24},"end":{"line":146,"column":40}},"42":{"start":{"line":147,"column":24},"end":{"line":147,"column":43}},"43":{"start":{"line":148,"column":24},"end":{"line":148,"column":30}},"44":{"start":{"line":153,"column":8},"end":{"line":165,"column":9}},"45":{"start":{"line":154,"column":12},"end":{"line":160,"column":14}},"46":{"start":{"line":161,"column":12},"end":{"line":164,"column":13}},"47":{"start":{"line":162,"column":16},"end":{"line":162,"column":32}},"48":{"start":{"line":163,"column":16},"end":{"line":163,"column":33}},"49":{"start":{"line":167,"column":8},"end":{"line":167,"column":50}},"50":{"start":{"line":169,"column":8},"end":{"line":174,"column":9}},"51":{"start":{"line":170,"column":12},"end":{"line":170,"column":37}},"52":{"start":{"line":171,"column":12},"end":{"line":171,"column":26}},"53":{"start":{"line":173,"column":12},"end":{"line":173,"column":35}},"54":{"start":{"line":177,"column":4},"end":{"line":187,"column":5}},"55":{"start":{"line":177,"column":4},"end":{"line":187,"column":5}},"56":{"start":{"line":178,"column":8},"end":{"line":186,"column":10}},"57":{"start":{"line":180,"column":31},"end":{"line":184,"column":17}},"58":{"start":{"line":182,"column":36},"end":{"line":182,"column":139}},"59":{"start":{"line":73,"column":11},"end":{"line":76,"column":6}},"60":{"start":{"line":188,"column":0},"end":{"line":188,"column":1}},"61":{"start":{"line":72,"column":13},"end":{"line":72,"column":23}}},"branchMap":{"1":{"line":72,"type":"binary-expr","locations":[{"start":{"line":72,"column":0},"end":{"line":188,"column":0}},{"start":{"line":72,"column":0},"end":{"line":188,"column":0}},{"start":{"line":72,"column":0},"end":{"line":188,"column":0}}]},"2":{"line":86,"type":"if","locations":[{"start":{"line":86,"column":8},"end":{"line":86,"column":7}},{"start":{"line":86,"column":8},"end":{"line":86,"column":7}}]},"3":{"line":86,"type":"binary-expr","locations":[{"start":{"line":86,"column":12},"end":{"line":86,"column":29}},{"start":{"line":86,"column":33},"end":{"line":86,"column":49}}]},"4":{"line":101,"type":"if","locations":[{"start":{"line":101,"column":8},"end":{"line":101,"column":7}},{"start":{"line":101,"column":8},"end":{"line":101,"column":7}}]},"5":{"line":105,"type":"if","locations":[{"start":{"line":105,"column":8},"end":{"line":105,"column":7}},{"start":{"line":105,"column":8},"end":{"line":105,"column":7}}]},"6":{"line":106,"type":"if","locations":[{"start":{"line":106,"column":12},"end":{"line":106,"column":11}},{"start":{"line":106,"column":12},"end":{"line":106,"column":11}}]},"7":{"line":118,"type":"if","locations":[{"start":{"line":118,"column":20},"end":{"line":118,"column":19}},{"start":{"line":118,"column":20},"end":{"line":118,"column":19}}]},"8":{"line":123,"type":"binary-expr","locations":[{"start":{"line":123,"column":41},"end":{"line":123,"column":59}},{"start":{"line":123,"column":63},"end":{"line":123,"column":65}}]},"9":{"line":130,"type":"binary-expr","locations":[{"start":{"line":130,"column":49},"end":{"line":130,"column":69}},{"start":{"line":130,"column":73},"end":{"line":130,"column":75}}]},"10":{"line":145,"type":"if","locations":[{"start":{"line":145,"column":20},"end":{"line":145,"column":19}},{"start":{"line":145,"column":20},"end":{"line":145,"column":19}}]},"11":{"line":153,"type":"if","locations":[{"start":{"line":153,"column":8},"end":{"line":153,"column":7}},{"start":{"line":153,"column":8},"end":{"line":153,"column":7}}]},"12":{"line":161,"type":"if","locations":[{"start":{"line":161,"column":12},"end":{"line":161,"column":11}},{"start":{"line":161,"column":12},"end":{"line":161,"column":11}}]},"13":{"line":169,"type":"if","locations":[{"start":{"line":169,"column":8},"end":{"line":169,"column":7}},{"start":{"line":169,"column":8},"end":{"line":169,"column":7}}]}},"l":{"1":1,"2":1,"7":1,"8":1,"10":1,"11":1,"54":1,"55":1,"57":1,"72":4,"73":1,"77":4,"85":4,"86":4,"87":0,"94":4,"96":4,"97":4,"98":4,"99":4,"101":4,"102":1,"105":3,"106":3,"107":2,"108":2,"117":2,"118":2,"119":1,"120":2,"124":2,"128":1,"131":1,"134":2,"137":1,"144":1,"145":1,"146":1,"147":1,"148":1,"153":3,"154":1,"161":1,"162":1,"163":1,"167":3,"169":3,"170":3,"171":3,"173":0,"177":4,"178":4,"180":0,"182":0,"188":1}},
"F:\\ScheduleReactCode\\react-painlessform\\src\\helpers\\validation.ts":{"path":"F:\\ScheduleReactCode\\react-painlessform\\src\\helpers\\validation.ts","s":{"1":1,"2":1,"3":0,"4":1},"b":{"1":[0,0]},"f":{"1":0},"fnMap":{"1":{"name":"mergeValidations","line":5,"loc":{"start":{"line":5,"column":0},"end":{"line":5,"column":101}}}},"statementMap":{"1":{"start":{"line":3,"column":0},"end":{"line":3,"column":43}},"2":{"start":{"line":5,"column":0},"end":{"line":11,"column":1}},"3":{"start":{"line":6,"column":4},"end":{"line":10,"column":6}},"4":{"start":{"line":5,"column":0},"end":{"line":11,"column":1}}},"branchMap":{"1":{"line":7,"type":"binary-expr","locations":[{"start":{"line":7,"column":19},"end":{"line":7,"column":35}},{"start":{"line":7,"column":39},"end":{"line":7,"column":58}}]}},"l":{"3":1,"5":1,"6":0}},
"F:\\ScheduleReactCode\\react-painlessform\\src\\FieldValidator.ts":{"path":"F:\\ScheduleReactCode\\react-painlessform\\src\\FieldValidator.ts","s":{"1":1,"2":1,"3":5,"4":5,"5":20,"6":5,"7":5,"8":1,"9":10,"10":0,"11":10,"12":1,"13":1,"14":1,"15":5,"16":1},"b":{"1":[5,5],"2":[0,10],"3":[10,10]},"f":{"1":5,"2":20,"3":10,"4":5},"fnMap":{"1":{"name":"FieldValidator","line":9,"loc":{"start":{"line":9,"column":4},"end":{"line":12,"column":74}}},"2":{"name":"(anonymous_3)","line":15,"loc":{"start":{"line":15,"column":43},"end":{"line":15,"column":47}}},"3":{"name":"(anonymous_4)","line":20,"loc":{"start":{"line":20,"column":4},"end":{"line":20,"column":39}}},"4":{"name":"createFieldValidator","line":32,"loc":{"start":{"line":32,"column":0},"end":{"line":35,"column":70}}}},"statementMap":{"1":{"start":{"line":4,"column":0},"end":{"line":30,"column":1}},"2":{"start":{"line":9,"column":4},"end":{"line":18,"column":5}},"3":{"start":{"line":14,"column":8},"end":{"line":14,"column":25}},"4":{"start":{"line":15,"column":8},"end":{"line":15,"column":63}},"5":{"start":{"line":15,"column":51},"end":{"line":15,"column":61}},"6":{"start":{"line":16,"column":8},"end":{"line":16,"column":35}},"7":{"start":{"line":17,"column":8},"end":{"line":17,"column":49}},"8":{"start":{"line":20,"column":4},"end":{"line":29,"column":5}},"9":{"start":{"line":21,"column":8},"end":{"line":24,"column":9}},"10":{"start":{"line":23,"column":12},"end":{"line":23,"column":45}},"11":{"start":{"line":26,"column":8},"end":{"line":28,"column":33}},"12":{"start":{"line":30,"column":0},"end":{"line":30,"column":1}},"13":{"start":{"line":4,"column":13},"end":{"line":4,"column":27}},"14":{"start":{"line":32,"column":0},"end":{"line":38,"column":1}},"15":{"start":{"line":37,"column":4},"end":{"line":37,"column":60}},"16":{"start":{"line":32,"column":0},"end":{"line":38,"column":1}}},"branchMap":{"1":{"line":15,"type":"binary-expr","locations":[{"start":{"line":15,"column":27},"end":{"line":15,"column":38}},{"start":{"line":15,"column":43},"end":{"line":15,"column":61}}]},"2":{"line":21,"type":"if","locations":[{"start":{"line":21,"column":8},"end":{"line":21,"column":7}},{"start":{"line":21,"column":8},"end":{"line":21,"column":7}}]},"3":{"line":21,"type":"binary-expr","locations":[{"start":{"line":21,"column":12},"end":{"line":21,"column":30}},{"start":{"line":21,"column":34},"end":{"line":21,"column":70}}]}},"l":{"4":1,"9":1,"14":5,"15":20,"16":5,"17":5,"20":1,"21":10,"23":0,"26":10,"30":1,"32":1,"37":5}},
"F:\\ScheduleReactCode\\react-painlessform\\src\\FormValidator.ts":{"path":"F:\\ScheduleReactCode\\react-painlessform\\src\\FormValidator.ts","s":{"1":1,"2":1,"3":1,"4":2,"5":5,"6":2,"7":2,"8":4,"9":4,"10":10,"11":2,"12":2,"13":1,"14":1,"15":1,"16":1,"17":1,"18":8,"19":4,"20":2,"21":1,"22":1,"23":1,"24":2,"25":5,"26":2,"27":1,"28":1,"29":1,"30":1},"b":{"1":[2,8],"2":[2,2],"3":[1,0]},"f":{"1":4,"2":10,"3":1,"4":1,"5":1},"fnMap":{"1":{"name":"(anonymous_3)","line":21,"loc":{"start":{"line":21,"column":15},"end":{"line":21,"column":42}}},"2":{"name":"(anonymous_4)","line":23,"loc":{"start":{"line":23,"column":32},"end":{"line":23,"column":41}}},"3":{"name":"(anonymous_5)","line":33,"loc":{"start":{"line":33,"column":47},"end":{"line":33,"column":52}}},"4":{"name":"(anonymous_6)","line":35,"loc":{"start":{"line":35,"column":63},"end":{"line":35,"column":70}}},"5":{"name":"createRawFormValidator","line":54,"loc":{"start":{"line":54,"column":0},"end":{"line":55,"column":61}}}},"statementMap":{"1":{"start":{"line":3,"column":0},"end":{"line":3,"column":49}},"2":{"start":{"line":14,"column":0},"end":{"line":46,"column":1}},"3":{"start":{"line":17,"column":4},"end":{"line":19,"column":5}},"4":{"start":{"line":17,"column":16},"end":{"line":17,"column":103}},"5":{"start":{"line":17,"column":16},"end":{"line":17,"column":103}},"6":{"start":{"line":17,"column":4},"end":{"line":19,"column":5}},"7":{"start":{"line":21,"column":4},"end":{"line":45,"column":5}},"8":{"start":{"line":22,"column":8},"end":{"line":22,"column":24}},"9":{"start":{"line":23,"column":8},"end":{"line":43,"column":11}},"10":{"start":{"line":24,"column":12},"end":{"line":42,"column":13}},"11":{"start":{"line":25,"column":16},"end":{"line":39,"column":17}},"12":{"start":{"line":26,"column":20},"end":{"line":29,"column":23}},"13":{"start":{"line":31,"column":20},"end":{"line":31,"column":66}},"14":{"start":{"line":32,"column":20},"end":{"line":38,"column":21}},"15":{"start":{"line":33,"column":24},"end":{"line":37,"column":27}},"16":{"start":{"line":34,"column":28},"end":{"line":36,"column":31}},"17":{"start":{"line":35,"column":74},"end":{"line":35,"column":87}},"18":{"start":{"line":41,"column":16},"end":{"line":41,"column":81}},"19":{"start":{"line":44,"column":8},"end":{"line":44,"column":45}},"20":{"start":{"line":18,"column":8},"end":{"line":18,"column":37}},"21":{"start":{"line":46,"column":0},"end":{"line":46,"column":1}},"22":{"start":{"line":14,"column":13},"end":{"line":14,"column":26}},"23":{"start":{"line":48,"column":0},"end":{"line":52,"column":1}},"24":{"start":{"line":49,"column":4},"end":{"line":49,"column":91}},"25":{"start":{"line":49,"column":4},"end":{"line":49,"column":91}},"26":{"start":{"line":51,"column":4},"end":{"line":51,"column":44}},"27":{"start":{"line":48,"column":0},"end":{"line":52,"column":1}},"28":{"start":{"line":54,"column":0},"end":{"line":58,"column":1}},"29":{"start":{"line":57,"column":4},"end":{"line":57,"column":35}},"30":{"start":{"line":54,"column":0},"end":{"line":58,"column":1}}},"branchMap":{"1":{"line":24,"type":"if","locations":[{"start":{"line":24,"column":12},"end":{"line":24,"column":11}},{"start":{"line":24,"column":12},"end":{"line":24,"column":11}}]},"2":{"line":28,"type":"binary-expr","locations":[{"start":{"line":28,"column":33},"end":{"line":28,"column":37}},{"start":{"line":28,"column":41},"end":{"line":28,"column":43}}]},"3":{"line":32,"type":"if","locations":[{"start":{"line":32,"column":20},"end":{"line":32,"column":19}},{"start":{"line":32,"column":20},"end":{"line":32,"column":19}}]}},"l":{"3":1,"14":1,"17":5,"18":2,"21":2,"22":4,"23":4,"24":10,"25":2,"26":2,"31":1,"32":1,"33":1,"34":1,"35":1,"41":8,"44":4,"46":1,"48":1,"49":5,"51":2,"54":1,"57":1}},
"F:\\ScheduleReactCode\\react-painlessform\\src\\ArrayValidator.ts":{"path":"F:\\ScheduleReactCode\\react-painlessform\\src\\ArrayValidator.ts","s":{"1":1,"2":1,"3":6,"4":6,"5":6,"6":1,"7":14,"8":14,"9":0,"10":14,"11":22,"12":22,"13":14,"14":1,"15":1,"16":1,"17":6,"18":9,"19":6,"20":1},"b":{"1":[0,14],"2":[12,10]},"f":{"1":6,"2":14,"3":22,"4":6},"fnMap":{"1":{"name":"ArrayValidator","line":11,"loc":{"start":{"line":11,"column":4},"end":{"line":11,"column":92}}},"2":{"name":"(anonymous_3)","line":17,"loc":{"start":{"line":17,"column":4},"end":{"line":17,"column":23}}},"3":{"name":"(anonymous_4)","line":22,"loc":{"start":{"line":22,"column":32},"end":{"line":22,"column":41}}},"4":{"name":"createValidator","line":32,"loc":{"start":{"line":32,"column":0},"end":{"line":33,"column":16}}}},"statementMap":{"1":{"start":{"line":7,"column":0},"end":{"line":30,"column":1}},"2":{"start":{"line":11,"column":4},"end":{"line":15,"column":5}},"3":{"start":{"line":12,"column":8},"end":{"line":12,"column":25}},"4":{"start":{"line":13,"column":8},"end":{"line":13,"column":37}},"5":{"start":{"line":14,"column":8},"end":{"line":14,"column":49}},"6":{"start":{"line":17,"column":4},"end":{"line":29,"column":5}},"7":{"start":{"line":18,"column":8},"end":{"line":18,"column":24}},"8":{"start":{"line":19,"column":8},"end":{"line":21,"column":9}},"9":{"start":{"line":20,"column":12},"end":{"line":20,"column":26}},"10":{"start":{"line":22,"column":8},"end":{"line":27,"column":11}},"11":{"start":{"line":23,"column":12},"end":{"line":23,"column":58}},"12":{"start":{"line":24,"column":12},"end":{"line":26,"column":47}},"13":{"start":{"line":28,"column":8},"end":{"line":28,"column":22}},"14":{"start":{"line":30,"column":0},"end":{"line":30,"column":1}},"15":{"start":{"line":7,"column":13},"end":{"line":7,"column":27}},"16":{"start":{"line":32,"column":0},"end":{"line":37,"column":1}},"17":{"start":{"line":34,"column":4},"end":{"line":34,"column":68}},"18":{"start":{"line":34,"column":4},"end":{"line":34,"column":68}},"19":{"start":{"line":36,"column":4},"end":{"line":36,"column":47}},"20":{"start":{"line":32,"column":0},"end":{"line":37,"column":1}}},"branchMap":{"1":{"line":19,"type":"if","locations":[{"start":{"line":19,"column":8},"end":{"line":19,"column":7}},{"start":{"line":19,"column":8},"end":{"line":19,"column":7}}]},"2":{"line":25,"type":"cond-expr","locations":[{"start":{"line":25,"column":22},"end":{"line":25,"column":48}},{"start":{"line":26,"column":22},"end":{"line":26,"column":46}}]}},"l":{"7":1,"11":1,"12":6,"13":6,"14":6,"17":1,"18":14,"19":14,"20":0,"22":14,"23":22,"24":22,"28":14,"30":1,"32":1,"34":9,"36":6}}}
