{
"F:\\ScheduleReactCode\\react-painlessform\\src\\index.ts":{"path":"F:\\ScheduleReactCode\\react-painlessform\\src\\index.ts","s":{"1":1,"2":1,"3":1,"4":1,"5":1,"6":1,"7":1,"8":1,"9":1,"10":1,"11":1,"12":1,"13":1,"14":1,"15":1,"16":1,"17":1,"18":1,"19":1,"20":1,"21":1,"22":1,"23":1,"24":1,"25":1,"26":1,"27":1,"28":1,"29":1,"30":1,"31":1,"32":1,"33":1,"34":1,"35":1,"36":1,"37":1,"38":1,"39":1,"40":1,"41":1,"42":1,"43":1,"44":1,"45":1},"b":{},"f":{},"fnMap":{},"statementMap":{"1":{"start":{"line":1,"column":0},"end":{"line":3,"column":28}},"2":{"start":{"line":2,"column":4},"end":{"line":2,"column":15}},"3":{"start":{"line":4,"column":0},"end":{"line":6,"column":27}},"4":{"start":{"line":5,"column":4},"end":{"line":5,"column":22}},"5":{"start":{"line":7,"column":0},"end":{"line":9,"column":31}},"6":{"start":{"line":8,"column":4},"end":{"line":8,"column":21}},"7":{"start":{"line":10,"column":0},"end":{"line":19,"column":28}},"8":{"start":{"line":11,"column":4},"end":{"line":11,"column":9}},"9":{"start":{"line":12,"column":4},"end":{"line":12,"column":14}},"10":{"start":{"line":13,"column":4},"end":{"line":13,"column":20}},"11":{"start":{"line":14,"column":4},"end":{"line":14,"column":15}},"12":{"start":{"line":15,"column":4},"end":{"line":15,"column":10}},"13":{"start":{"line":16,"column":4},"end":{"line":16,"column":15}},"14":{"start":{"line":17,"column":4},"end":{"line":17,"column":29}},"15":{"start":{"line":18,"column":4},"end":{"line":18,"column":28}},"16":{"start":{"line":20,"column":0},"end":{"line":25,"column":32}},"17":{"start":{"line":21,"column":4},"end":{"line":21,"column":18}},"18":{"start":{"line":22,"column":4},"end":{"line":22,"column":13}},"19":{"start":{"line":23,"column":4},"end":{"line":23,"column":21}},"20":{"start":{"line":24,"column":4},"end":{"line":24,"column":32}},"21":{"start":{"line":26,"column":0},"end":{"line":32,"column":27}},"22":{"start":{"line":27,"column":4},"end":{"line":27,"column":9}},"23":{"start":{"line":28,"column":4},"end":{"line":28,"column":8}},"24":{"start":{"line":29,"column":4},"end":{"line":29,"column":14}},"25":{"start":{"line":30,"column":4},"end":{"line":30,"column":14}},"26":{"start":{"line":31,"column":4},"end":{"line":31,"column":27}},"27":{"start":{"line":33,"column":0},"end":{"line":37,"column":33}},"28":{"start":{"line":34,"column":4},"end":{"line":34,"column":14}},"29":{"start":{"line":35,"column":4},"end":{"line":35,"column":20}},"30":{"start":{"line":36,"column":4},"end":{"line":36,"column":22}},"31":{"start":{"line":38,"column":0},"end":{"line":41,"column":26}},"32":{"start":{"line":39,"column":4},"end":{"line":39,"column":24}},"33":{"start":{"line":40,"column":4},"end":{"line":40,"column":18}},"34":{"start":{"line":42,"column":0},"end":{"line":47,"column":25}},"35":{"start":{"line":43,"column":4},"end":{"line":43,"column":23}},"36":{"start":{"line":44,"column":4},"end":{"line":44,"column":14}},"37":{"start":{"line":45,"column":4},"end":{"line":45,"column":17}},"38":{"start":{"line":46,"column":4},"end":{"line":46,"column":26}},"39":{"start":{"line":48,"column":0},"end":{"line":50,"column":17}},"40":{"start":{"line":49,"column":4},"end":{"line":49,"column":16}},"41":{"start":{"line":51,"column":0},"end":{"line":56,"column":26}},"42":{"start":{"line":52,"column":4},"end":{"line":52,"column":13}},"43":{"start":{"line":53,"column":4},"end":{"line":53,"column":14}},"44":{"start":{"line":54,"column":4},"end":{"line":54,"column":18}},"45":{"start":{"line":55,"column":4},"end":{"line":55,"column":19}}},"branchMap":{},"l":{"1":1,"2":1,"4":1,"5":1,"7":1,"8":1,"10":1,"11":1,"12":1,"13":1,"14":1,"15":1,"16":1,"17":1,"18":1,"20":1,"21":1,"22":1,"23":1,"24":1,"26":1,"27":1,"28":1,"29":1,"30":1,"31":1,"33":1,"34":1,"35":1,"36":1,"38":1,"39":1,"40":1,"42":1,"43":1,"44":1,"45":1,"46":1,"48":1,"49":1,"51":1,"52":1,"53":1,"54":1,"55":1}},
"F:\\ScheduleReactCode\\react-painlessform\\src\\interfaces\\field.ts":{"path":"F:\\ScheduleReactCode\\react-painlessform\\src\\interfaces\\field.ts","s":{},"b":{},"f":{},"fnMap":{},"statementMap":{},"branchMap":{},"l":{}},
"F:\\ScheduleReactCode\\react-painlessform\\src\\interfaces\\form.ts":{"path":"F:\\ScheduleReactCode\\react-painlessform\\src\\interfaces\\form.ts","s":{},"b":{},"f":{},"fnMap":{},"statementMap":{},"branchMap":{},"l":{}},
"F:\\ScheduleReactCode\\react-painlessform\\src\\helpers\\formFactory.ts":{"path":"F:\\ScheduleReactCode\\react-painlessform\\src\\helpers\\formFactory.ts","s":{"1":1,"2":1,"3":1,"4":1,"5":1,"6":103,"7":1},"b":{},"f":{},"fnMap":{},"statementMap":{"1":{"start":{"line":1,"column":0},"end":{"line":1,"column":109}},"2":{"start":{"line":2,"column":0},"end":{"line":2,"column":86}},"3":{"start":{"line":3,"column":0},"end":{"line":3,"column":113}},"4":{"start":{"line":4,"column":0},"end":{"line":4,"column":118}},"5":{"start":{"line":27,"column":0},"end":{"line":38,"column":1}},"6":{"start":{"line":28,"column":4},"end":{"line":37,"column":6}},"7":{"start":{"line":27,"column":0},"end":{"line":38,"column":1}}},"branchMap":{},"l":{"1":1,"2":1,"3":1,"4":1,"27":1,"28":103}},
"F:\\ScheduleReactCode\\react-painlessform\\src\\components\\Field.tsx":{"path":"F:\\ScheduleReactCode\\react-painlessform\\src\\components\\Field.tsx","s":{"1":1,"2":1,"3":1,"4":1,"5":1,"6":1,"7":1,"8":1,"9":1,"10":33,"11":33,"12":0,"13":0,"14":0,"15":33,"16":5,"17":5,"18":5,"19":5,"20":0,"21":5,"22":33,"23":10,"24":10,"25":10,"26":10,"27":0,"28":1,"29":50,"30":50,"31":50,"32":1,"33":32,"34":4,"35":1,"36":17,"37":1,"38":1,"39":36,"40":36,"41":36,"42":0,"43":0,"44":0,"45":0,"46":17,"47":19,"48":1,"49":0,"50":0,"51":1,"52":1,"53":1,"54":1,"55":1,"56":1,"57":1,"58":68,"59":68,"60":68,"61":68,"62":68,"63":68,"64":68,"65":0,"66":68,"67":68,"68":68,"69":68,"70":68,"71":68,"72":68,"73":1,"74":1},"b":{"1":[33,33,33],"2":[0,0],"3":[5,0],"4":[0,5],"5":[10,0],"6":[0,10],"7":[5,45],"8":[50,0],"9":[50,50],"10":[4,28],"11":[1,16],"12":[17,19],"13":[36,36,36,36],"14":[0,0],"15":[0,68],"16":[5,63],"17":[5,63],"18":[5,63],"19":[68,0,68,68]},"f":{"1":5,"2":10,"3":17,"4":36,"5":0,"6":0,"7":0,"8":0,"9":68,"10":68},"fnMap":{"1":{"name":"(anonymous_11)","line":244,"loc":{"start":{"line":244,"column":27},"end":{"line":244,"column":74}}},"2":{"name":"(anonymous_12)","line":265,"loc":{"start":{"line":265,"column":21},"end":{"line":265,"column":59}}},"3":{"name":"(anonymous_15)","line":164,"loc":{"start":{"line":164,"column":4},"end":{"line":164,"column":47}}},"4":{"name":"(anonymous_16)","line":180,"loc":{"start":{"line":180,"column":4},"end":{"line":180,"column":50}}},"5":{"name":"(anonymous_17)","line":199,"loc":{"start":{"line":199,"column":37},"end":{"line":199,"column":42}}},"6":{"name":"(anonymous_18)","line":200,"loc":{"start":{"line":200,"column":31},"end":{"line":200,"column":36}}},"7":{"name":"(anonymous_19)","line":202,"loc":{"start":{"line":202,"column":36},"end":{"line":202,"column":41}}},"8":{"name":"(anonymous_20)","line":203,"loc":{"start":{"line":203,"column":30},"end":{"line":203,"column":35}}},"9":{"name":"(anonymous_25)","line":326,"loc":{"start":{"line":326,"column":17},"end":{"line":326,"column":28}}},"10":{"name":"(anonymous_26)","line":328,"loc":{"start":{"line":328,"column":25},"end":{"line":328,"column":35}}}},"statementMap":{"1":{"start":{"line":1,"column":0},"end":{"line":1,"column":31}},"2":{"start":{"line":2,"column":0},"end":{"line":2,"column":46}},"3":{"start":{"line":5,"column":0},"end":{"line":5,"column":59}},"4":{"start":{"line":7,"column":0},"end":{"line":7,"column":55}},"5":{"start":{"line":113,"column":0},"end":{"line":120,"column":2}},"6":{"start":{"line":122,"column":15},"end":{"line":122,"column":96}},"7":{"start":{"line":127,"column":0},"end":{"line":288,"column":1}},"8":{"start":{"line":127,"column":35},"end":{"line":127,"column":65}},"9":{"start":{"line":127,"column":0},"end":{"line":288,"column":1}},"10":{"start":{"line":127,"column":0},"end":{"line":288,"column":1}},"11":{"start":{"line":233,"column":12},"end":{"line":238,"column":5}},"12":{"start":{"line":234,"column":8},"end":{"line":234,"column":26}},"13":{"start":{"line":235,"column":8},"end":{"line":237,"column":9}},"14":{"start":{"line":236,"column":12},"end":{"line":236,"column":33}},"15":{"start":{"line":244,"column":12},"end":{"line":259,"column":5}},"16":{"start":{"line":245,"column":8},"end":{"line":245,"column":22}},"17":{"start":{"line":246,"column":8},"end":{"line":252,"column":9}},"18":{"start":{"line":247,"column":18},"end":{"line":247,"column":71}},"19":{"start":{"line":248,"column":12},"end":{"line":248,"column":68}},"20":{"start":{"line":251,"column":12},"end":{"line":251,"column":30}},"21":{"start":{"line":254,"column":8},"end":{"line":258,"column":11}},"22":{"start":{"line":265,"column":12},"end":{"line":287,"column":5}},"23":{"start":{"line":266,"column":14},"end":{"line":273,"column":40}},"24":{"start":{"line":275,"column":8},"end":{"line":280,"column":10}},"25":{"start":{"line":282,"column":8},"end":{"line":282,"column":44}},"26":{"start":{"line":284,"column":8},"end":{"line":286,"column":9}},"27":{"start":{"line":285,"column":12},"end":{"line":285,"column":37}},"28":{"start":{"line":129,"column":4},"end":{"line":144,"column":5}},"29":{"start":{"line":130,"column":8},"end":{"line":130,"column":80}},"30":{"start":{"line":132,"column":8},"end":{"line":137,"column":10}},"31":{"start":{"line":139,"column":8},"end":{"line":143,"column":10}},"32":{"start":{"line":150,"column":4},"end":{"line":158,"column":5}},"33":{"start":{"line":151,"column":8},"end":{"line":157,"column":9}},"34":{"start":{"line":152,"column":12},"end":{"line":156,"column":15}},"35":{"start":{"line":164,"column":4},"end":{"line":172,"column":5}},"36":{"start":{"line":165,"column":8},"end":{"line":171,"column":9}},"37":{"start":{"line":166,"column":12},"end":{"line":170,"column":15}},"38":{"start":{"line":180,"column":4},"end":{"line":219,"column":5}},"39":{"start":{"line":181,"column":14},"end":{"line":190,"column":39}},"40":{"start":{"line":191,"column":14},"end":{"line":195,"column":40}},"41":{"start":{"line":197,"column":8},"end":{"line":217,"column":9}},"42":{"start":{"line":199,"column":46},"end":{"line":199,"column":59}},"43":{"start":{"line":200,"column":40},"end":{"line":200,"column":53}},"44":{"start":{"line":202,"column":45},"end":{"line":202,"column":58}},"45":{"start":{"line":203,"column":39},"end":{"line":203,"column":52}},"46":{"start":{"line":216,"column":12},"end":{"line":216,"column":24}},"47":{"start":{"line":218,"column":8},"end":{"line":218,"column":21}},"48":{"start":{"line":224,"column":12},"end":{"line":228,"column":5}},"49":{"start":{"line":225,"column":8},"end":{"line":227,"column":9}},"50":{"start":{"line":226,"column":12},"end":{"line":226,"column":45}},"51":{"start":{"line":128,"column":11},"end":{"line":128,"column":39}},"52":{"start":{"line":288,"column":0},"end":{"line":288,"column":1}},"53":{"start":{"line":127,"column":13},"end":{"line":127,"column":23}},"54":{"start":{"line":321,"column":0},"end":{"line":378,"column":1}},"55":{"start":{"line":321,"column":30},"end":{"line":321,"column":60}},"56":{"start":{"line":321,"column":0},"end":{"line":378,"column":1}},"57":{"start":{"line":322,"column":4},"end":{"line":377,"column":5}},"58":{"start":{"line":322,"column":4},"end":{"line":377,"column":5}},"59":{"start":{"line":323,"column":14},"end":{"line":323,"column":74}},"60":{"start":{"line":324,"column":8},"end":{"line":376,"column":10}},"61":{"start":{"line":326,"column":32},"end":{"line":374,"column":17}},"62":{"start":{"line":329,"column":28},"end":{"line":336,"column":67}},"63":{"start":{"line":338,"column":28},"end":{"line":338,"column":48}},"64":{"start":{"line":339,"column":28},"end":{"line":344,"column":29}},"65":{"start":{"line":340,"column":32},"end":{"line":343,"column":34}},"66":{"start":{"line":345,"column":28},"end":{"line":345,"column":71}},"67":{"start":{"line":346,"column":28},"end":{"line":346,"column":98}},"68":{"start":{"line":347,"column":28},"end":{"line":347,"column":102}},"69":{"start":{"line":348,"column":28},"end":{"line":348,"column":102}},"70":{"start":{"line":350,"column":28},"end":{"line":353,"column":101}},"71":{"start":{"line":355,"column":28},"end":{"line":355,"column":81}},"72":{"start":{"line":356,"column":28},"end":{"line":371,"column":30}},"73":{"start":{"line":378,"column":0},"end":{"line":378,"column":1}},"74":{"start":{"line":321,"column":13},"end":{"line":321,"column":18}}},"branchMap":{"1":{"line":127,"type":"binary-expr","locations":[{"start":{"line":127,"column":0},"end":{"line":288,"column":0}},{"start":{"line":127,"column":0},"end":{"line":288,"column":0}},{"start":{"line":127,"column":0},"end":{"line":288,"column":0}}]},"2":{"line":235,"type":"if","locations":[{"start":{"line":235,"column":8},"end":{"line":235,"column":7}},{"start":{"line":235,"column":8},"end":{"line":235,"column":7}}]},"3":{"line":246,"type":"if","locations":[{"start":{"line":246,"column":8},"end":{"line":246,"column":7}},{"start":{"line":246,"column":8},"end":{"line":246,"column":7}}]},"4":{"line":248,"type":"cond-expr","locations":[{"start":{"line":248,"column":46},"end":{"line":248,"column":53}},{"start":{"line":248,"column":56},"end":{"line":248,"column":67}}]},"5":{"line":279,"type":"binary-expr","locations":[{"start":{"line":279,"column":16},"end":{"line":279,"column":25}},{"start":{"line":279,"column":29},"end":{"line":279,"column":31}}]},"6":{"line":284,"type":"if","locations":[{"start":{"line":284,"column":8},"end":{"line":284,"column":7}},{"start":{"line":284,"column":8},"end":{"line":284,"column":7}}]},"7":{"line":134,"type":"cond-expr","locations":[{"start":{"line":134,"column":41},"end":{"line":134,"column":43}},{"start":{"line":134,"column":46},"end":{"line":134,"column":51}}]},"8":{"line":141,"type":"cond-expr","locations":[{"start":{"line":141,"column":18},"end":{"line":141,"column":35}},{"start":{"line":142,"column":18},"end":{"line":142,"column":65}}]},"9":{"line":140,"type":"binary-expr","locations":[{"start":{"line":140,"column":12},"end":{"line":140,"column":20}},{"start":{"line":140,"column":24},"end":{"line":140,"column":54}}]},"10":{"line":151,"type":"if","locations":[{"start":{"line":151,"column":8},"end":{"line":151,"column":7}},{"start":{"line":151,"column":8},"end":{"line":151,"column":7}}]},"11":{"line":165,"type":"if","locations":[{"start":{"line":165,"column":8},"end":{"line":165,"column":7}},{"start":{"line":165,"column":8},"end":{"line":165,"column":7}}]},"12":{"line":197,"type":"if","locations":[{"start":{"line":197,"column":8},"end":{"line":197,"column":7}},{"start":{"line":197,"column":8},"end":{"line":197,"column":7}}]},"13":{"line":198,"type":"binary-expr","locations":[{"start":{"line":198,"column":12},"end":{"line":200,"column":55}},{"start":{"line":201,"column":15},"end":{"line":203,"column":54}},{"start":{"line":204,"column":15},"end":{"line":204,"column":44}},{"start":{"line":205,"column":15},"end":{"line":214,"column":13}}]},"14":{"line":225,"type":"if","locations":[{"start":{"line":225,"column":8},"end":{"line":225,"column":7}},{"start":{"line":225,"column":8},"end":{"line":225,"column":7}}]},"15":{"line":339,"type":"if","locations":[{"start":{"line":339,"column":28},"end":{"line":339,"column":27}},{"start":{"line":339,"column":28},"end":{"line":339,"column":27}}]},"16":{"line":346,"type":"cond-expr","locations":[{"start":{"line":346,"column":69},"end":{"line":346,"column":78}},{"start":{"line":346,"column":81},"end":{"line":346,"column":97}}]},"17":{"line":347,"type":"cond-expr","locations":[{"start":{"line":347,"column":73},"end":{"line":347,"column":78}},{"start":{"line":347,"column":81},"end":{"line":347,"column":101}}]},"18":{"line":348,"type":"cond-expr","locations":[{"start":{"line":348,"column":73},"end":{"line":348,"column":78}},{"start":{"line":348,"column":81},"end":{"line":348,"column":101}}]},"19":{"line":351,"type":"binary-expr","locations":[{"start":{"line":351,"column":33},"end":{"line":351,"column":70}},{"start":{"line":352,"column":39},"end":{"line":352,"column":75}},{"start":{"line":353,"column":36},"end":{"line":353,"column":66}},{"start":{"line":353,"column":70},"end":{"line":353,"column":99}}]}},"l":{"1":1,"2":1,"5":1,"7":1,"113":1,"122":1,"127":33,"128":1,"129":1,"130":50,"132":50,"139":50,"150":1,"151":32,"152":4,"164":1,"165":17,"166":1,"180":1,"181":36,"191":36,"197":36,"199":0,"200":0,"202":0,"203":0,"216":17,"218":19,"224":1,"225":0,"226":0,"233":33,"234":0,"235":0,"236":0,"244":33,"245":5,"246":5,"247":5,"248":5,"251":0,"254":5,"265":33,"266":10,"275":10,"282":10,"284":10,"285":0,"288":1,"321":1,"322":68,"323":68,"324":68,"326":68,"329":68,"338":68,"339":68,"340":0,"345":68,"346":68,"347":68,"348":68,"350":68,"355":68,"356":68,"378":1}},
"F:\\ScheduleReactCode\\react-painlessform\\src\\tools.ts":{"path":"F:\\ScheduleReactCode\\react-painlessform\\src\\tools.ts","s":{"1":1,"2":72,"3":0,"4":72,"5":0,"6":72,"7":0,"8":0,"9":72,"10":1,"11":1,"12":30,"13":30,"14":30,"15":11,"16":11,"17":8,"18":30,"19":1,"20":1,"21":5,"22":1,"23":1,"24":13,"25":1},"b":{"1":[0,72],"2":[72,72,72],"3":[0,72],"4":[72,72,72],"5":[0,0],"6":[30,0],"7":[30,0],"8":[8,3],"9":[8,7]},"f":{"1":72,"2":30,"3":5,"4":13},"fnMap":{"1":{"name":"isArrayEqual","line":6,"loc":{"start":{"line":6,"column":0},"end":{"line":6,"column":57}}},"2":{"name":"mergeFormErrors","line":25,"loc":{"start":{"line":25,"column":0},"end":{"line":25,"column":74}}},"3":{"name":"isChangeEvent","line":40,"loc":{"start":{"line":40,"column":0},"end":{"line":40,"column":36}}},"4":{"name":"isYup","line":44,"loc":{"start":{"line":44,"column":0},"end":{"line":44,"column":28}}}},"statementMap":{"1":{"start":{"line":6,"column":0},"end":{"line":23,"column":1}},"2":{"start":{"line":7,"column":4},"end":{"line":11,"column":5}},"3":{"start":{"line":10,"column":8},"end":{"line":10,"column":21}},"4":{"start":{"line":12,"column":4},"end":{"line":16,"column":5}},"5":{"start":{"line":15,"column":8},"end":{"line":15,"column":21}},"6":{"start":{"line":17,"column":4},"end":{"line":21,"column":5}},"7":{"start":{"line":18,"column":8},"end":{"line":20,"column":9}},"8":{"start":{"line":19,"column":12},"end":{"line":19,"column":25}},"9":{"start":{"line":22,"column":4},"end":{"line":22,"column":16}},"10":{"start":{"line":6,"column":0},"end":{"line":23,"column":1}},"11":{"start":{"line":25,"column":0},"end":{"line":38,"column":1}},"12":{"start":{"line":26,"column":4},"end":{"line":26,"column":27}},"13":{"start":{"line":27,"column":4},"end":{"line":36,"column":5}},"14":{"start":{"line":28,"column":8},"end":{"line":35,"column":9}},"15":{"start":{"line":28,"column":13},"end":{"line":28,"column":22}},"16":{"start":{"line":29,"column":12},"end":{"line":34,"column":13}},"17":{"start":{"line":30,"column":16},"end":{"line":33,"column":18}},"18":{"start":{"line":37,"column":4},"end":{"line":37,"column":18}},"19":{"start":{"line":25,"column":0},"end":{"line":38,"column":1}},"20":{"start":{"line":40,"column":0},"end":{"line":42,"column":1}},"21":{"start":{"line":41,"column":4},"end":{"line":41,"column":30}},"22":{"start":{"line":40,"column":0},"end":{"line":42,"column":1}},"23":{"start":{"line":44,"column":0},"end":{"line":46,"column":1}},"24":{"start":{"line":45,"column":4},"end":{"line":45,"column":36}},"25":{"start":{"line":44,"column":0},"end":{"line":46,"column":1}}},"branchMap":{"1":{"line":7,"type":"if","locations":[{"start":{"line":7,"column":4},"end":{"line":7,"column":3}},{"start":{"line":7,"column":4},"end":{"line":7,"column":3}}]},"2":{"line":7,"type":"binary-expr","locations":[{"start":{"line":7,"column":8},"end":{"line":7,"column":25}},{"start":{"line":8,"column":12},"end":{"line":8,"column":32}},{"start":{"line":8,"column":36},"end":{"line":8,"column":56}}]},"3":{"line":12,"type":"if","locations":[{"start":{"line":12,"column":4},"end":{"line":12,"column":3}},{"start":{"line":12,"column":4},"end":{"line":12,"column":3}}]},"4":{"line":12,"type":"binary-expr","locations":[{"start":{"line":12,"column":8},"end":{"line":12,"column":28}},{"start":{"line":13,"column":11},"end":{"line":13,"column":31}},{"start":{"line":14,"column":11},"end":{"line":14,"column":42}}]},"5":{"line":18,"type":"if","locations":[{"start":{"line":18,"column":8},"end":{"line":18,"column":7}},{"start":{"line":18,"column":8},"end":{"line":18,"column":7}}]},"6":{"line":26,"type":"binary-expr","locations":[{"start":{"line":26,"column":17},"end":{"line":26,"column":20}},{"start":{"line":26,"column":24},"end":{"line":26,"column":26}}]},"7":{"line":27,"type":"if","locations":[{"start":{"line":27,"column":4},"end":{"line":27,"column":3}},{"start":{"line":27,"column":4},"end":{"line":27,"column":3}}]},"8":{"line":29,"type":"if","locations":[{"start":{"line":29,"column":12},"end":{"line":29,"column":11}},{"start":{"line":29,"column":12},"end":{"line":29,"column":11}}]},"9":{"line":32,"type":"binary-expr","locations":[{"start":{"line":32,"column":32},"end":{"line":32,"column":43}},{"start":{"line":32,"column":47},"end":{"line":32,"column":49}}]}},"l":{"6":1,"7":72,"10":0,"12":72,"15":0,"17":72,"18":0,"19":0,"22":72,"25":1,"26":30,"27":30,"28":30,"29":11,"30":8,"37":30,"40":1,"41":5,"44":1,"45":13}},
"F:\\ScheduleReactCode\\react-painlessform\\src\\components\\Form.tsx":{"path":"F:\\ScheduleReactCode\\react-painlessform\\src\\components\\Form.tsx","s":{"1":1,"2":1,"3":1,"4":1,"5":1,"6":1,"7":1,"8":1,"9":0,"10":0,"11":1,"12":1,"13":1,"14":8,"15":8,"16":1,"17":1,"18":1,"19":1,"20":1,"21":1,"22":1,"23":8,"24":1,"25":1,"26":1,"27":1,"28":1,"29":1,"30":8,"31":10,"32":10,"33":0,"34":10,"35":10,"36":12,"37":8,"38":8,"39":8,"40":1,"41":8,"42":8,"43":8,"44":1,"45":10,"46":10,"47":10,"48":10,"49":10,"50":10,"51":10,"52":9,"53":1,"54":1,"55":9,"56":1,"57":17,"58":17,"59":1,"60":9,"61":0,"62":9,"63":9,"64":9,"65":8,"66":1,"67":1,"68":1},"b":{"1":[8,8],"2":[1,0],"3":[1,1],"4":[1,0],"5":[1,0],"6":[1,0],"7":[1,0],"8":[0,10],"9":[10,5],"10":[12,7],"11":[7,1],"12":[0,8],"13":[0,8],"14":[0,8],"15":[0,8],"16":[9,1],"17":[10,10,2,1,1],"18":[0,9],"19":[8,1]},"f":{"1":0,"2":0,"3":8,"4":1,"5":1,"6":1,"7":10,"8":10,"9":12,"10":8,"11":10,"12":9,"13":9},"fnMap":{"1":{"name":"(anonymous_8)","line":89,"loc":{"start":{"line":89,"column":17},"end":{"line":89,"column":22}}},"2":{"name":"(anonymous_9)","line":90,"loc":{"start":{"line":90,"column":18},"end":{"line":90,"column":23}}},"3":{"name":"Form","line":117,"loc":{"start":{"line":117,"column":4},"end":{"line":117,"column":36}}},"4":{"name":"(anonymous_12)","line":207,"loc":{"start":{"line":207,"column":27},"end":{"line":207,"column":67}}},"5":{"name":"(anonymous_13)","line":212,"loc":{"start":{"line":212,"column":22},"end":{"line":212,"column":27}}},"6":{"name":"(anonymous_15)","line":235,"loc":{"start":{"line":235,"column":26},"end":{"line":235,"column":43}}},"7":{"name":"(anonymous_16)","line":247,"loc":{"start":{"line":247,"column":27},"end":{"line":247,"column":79}}},"8":{"name":"(anonymous_17)","line":248,"loc":{"start":{"line":248,"column":22},"end":{"line":248,"column":26}}},"9":{"name":"(anonymous_18)","line":257,"loc":{"start":{"line":257,"column":20},"end":{"line":257,"column":60}}},"10":{"name":"(anonymous_19)","line":100,"loc":{"start":{"line":100,"column":4},"end":{"line":100,"column":82}}},"11":{"name":"(anonymous_20)","line":133,"loc":{"start":{"line":133,"column":4},"end":{"line":133,"column":76}}},"12":{"name":"(anonymous_21)","line":156,"loc":{"start":{"line":156,"column":4},"end":{"line":156,"column":75}}},"13":{"name":"(anonymous_23)","line":191,"loc":{"start":{"line":191,"column":4},"end":{"line":191,"column":72}}}},"statementMap":{"1":{"start":{"line":1,"column":0},"end":{"line":1,"column":31}},"2":{"start":{"line":2,"column":0},"end":{"line":2,"column":46}},"3":{"start":{"line":4,"column":0},"end":{"line":4,"column":128}},"4":{"start":{"line":7,"column":0},"end":{"line":7,"column":40}},"5":{"start":{"line":8,"column":0},"end":{"line":8,"column":42}},"6":{"start":{"line":78,"column":13},"end":{"line":82,"column":2}},"7":{"start":{"line":84,"column":0},"end":{"line":84,"column":38}},"8":{"start":{"line":86,"column":15},"end":{"line":91,"column":10}},"9":{"start":{"line":89,"column":23},"end":{"line":89,"column":27}},"10":{"start":{"line":90,"column":24},"end":{"line":90,"column":28}},"11":{"start":{"line":96,"column":0},"end":{"line":264,"column":1}},"12":{"start":{"line":96,"column":34},"end":{"line":96,"column":79}},"13":{"start":{"line":117,"column":4},"end":{"line":129,"column":5}},"14":{"start":{"line":117,"column":4},"end":{"line":129,"column":5}},"15":{"start":{"line":207,"column":12},"end":{"line":225,"column":5}},"16":{"start":{"line":208,"column":14},"end":{"line":208,"column":51}},"17":{"start":{"line":209,"column":8},"end":{"line":211,"column":9}},"18":{"start":{"line":210,"column":12},"end":{"line":210,"column":35}},"19":{"start":{"line":212,"column":8},"end":{"line":221,"column":12}},"20":{"start":{"line":212,"column":31},"end":{"line":221,"column":10}},"21":{"start":{"line":222,"column":8},"end":{"line":224,"column":9}},"22":{"start":{"line":223,"column":12},"end":{"line":223,"column":111}},"23":{"start":{"line":229,"column":12},"end":{"line":243,"column":5}},"24":{"start":{"line":230,"column":14},"end":{"line":230,"column":47}},"25":{"start":{"line":231,"column":8},"end":{"line":233,"column":9}},"26":{"start":{"line":232,"column":12},"end":{"line":232,"column":22}},"27":{"start":{"line":234,"column":8},"end":{"line":242,"column":9}},"28":{"start":{"line":235,"column":12},"end":{"line":241,"column":16}},"29":{"start":{"line":235,"column":48},"end":{"line":241,"column":14}},"30":{"start":{"line":247,"column":12},"end":{"line":263,"column":5}},"31":{"start":{"line":248,"column":8},"end":{"line":262,"column":11}},"32":{"start":{"line":249,"column":12},"end":{"line":251,"column":13}},"33":{"start":{"line":250,"column":16},"end":{"line":250,"column":28}},"34":{"start":{"line":252,"column":12},"end":{"line":252,"column":107}},"35":{"start":{"line":254,"column":12},"end":{"line":261,"column":14}},"36":{"start":{"line":258,"column":24},"end":{"line":258,"column":88}},"37":{"start":{"line":120,"column":8},"end":{"line":126,"column":10}},"38":{"start":{"line":127,"column":8},"end":{"line":127,"column":59}},"39":{"start":{"line":128,"column":8},"end":{"line":128,"column":59}},"40":{"start":{"line":100,"column":11},"end":{"line":112,"column":5}},"41":{"start":{"line":101,"column":16},"end":{"line":101,"column":81}},"42":{"start":{"line":102,"column":8},"end":{"line":102,"column":76}},"43":{"start":{"line":104,"column":8},"end":{"line":111,"column":10}},"44":{"start":{"line":133,"column":4},"end":{"line":152,"column":5}},"45":{"start":{"line":134,"column":8},"end":{"line":134,"column":46}},"46":{"start":{"line":135,"column":16},"end":{"line":135,"column":60}},"47":{"start":{"line":136,"column":8},"end":{"line":136,"column":50}},"48":{"start":{"line":137,"column":16},"end":{"line":137,"column":57}},"49":{"start":{"line":139,"column":8},"end":{"line":139,"column":45}},"50":{"start":{"line":140,"column":8},"end":{"line":140,"column":50}},"51":{"start":{"line":142,"column":8},"end":{"line":150,"column":9}},"52":{"start":{"line":149,"column":12},"end":{"line":149,"column":24}},"53":{"start":{"line":151,"column":8},"end":{"line":151,"column":21}},"54":{"start":{"line":156,"column":4},"end":{"line":158,"column":5}},"55":{"start":{"line":157,"column":8},"end":{"line":157,"column":64}},"56":{"start":{"line":159,"column":4},"end":{"line":187,"column":5}},"57":{"start":{"line":160,"column":8},"end":{"line":174,"column":23}},"58":{"start":{"line":176,"column":8},"end":{"line":186,"column":10}},"59":{"start":{"line":191,"column":12},"end":{"line":200,"column":5}},"60":{"start":{"line":192,"column":8},"end":{"line":194,"column":9}},"61":{"start":{"line":193,"column":12},"end":{"line":193,"column":19}},"62":{"start":{"line":195,"column":8},"end":{"line":195,"column":49}},"63":{"start":{"line":196,"column":8},"end":{"line":196,"column":57}},"64":{"start":{"line":197,"column":8},"end":{"line":199,"column":9}},"65":{"start":{"line":198,"column":12},"end":{"line":198,"column":57}},"66":{"start":{"line":97,"column":11},"end":{"line":99,"column":6}},"67":{"start":{"line":264,"column":0},"end":{"line":264,"column":1}},"68":{"start":{"line":96,"column":13},"end":{"line":96,"column":17}}},"branchMap":{"1":{"line":118,"type":"binary-expr","locations":[{"start":{"line":118,"column":8},"end":{"line":118,"column":20}},{"start":{"line":118,"column":20},"end":{"line":129,"column":4}}]},"2":{"line":209,"type":"if","locations":[{"start":{"line":209,"column":8},"end":{"line":209,"column":7}},{"start":{"line":209,"column":8},"end":{"line":209,"column":7}}]},"3":{"line":209,"type":"binary-expr","locations":[{"start":{"line":209,"column":12},"end":{"line":209,"column":17}},{"start":{"line":209,"column":21},"end":{"line":209,"column":56}}]},"4":{"line":222,"type":"if","locations":[{"start":{"line":222,"column":8},"end":{"line":222,"column":7}},{"start":{"line":222,"column":8},"end":{"line":222,"column":7}}]},"5":{"line":231,"type":"if","locations":[{"start":{"line":231,"column":8},"end":{"line":231,"column":7}},{"start":{"line":231,"column":8},"end":{"line":231,"column":7}}]},"6":{"line":234,"type":"if","locations":[{"start":{"line":234,"column":8},"end":{"line":234,"column":7}},{"start":{"line":234,"column":8},"end":{"line":234,"column":7}}]},"7":{"line":237,"type":"cond-expr","locations":[{"start":{"line":237,"column":22},"end":{"line":237,"column":84}},{"start":{"line":238,"column":22},"end":{"line":238,"column":39}}]},"8":{"line":249,"type":"if","locations":[{"start":{"line":249,"column":12},"end":{"line":249,"column":11}},{"start":{"line":249,"column":12},"end":{"line":249,"column":11}}]},"9":{"line":249,"type":"binary-expr","locations":[{"start":{"line":249,"column":16},"end":{"line":249,"column":33}},{"start":{"line":249,"column":37},"end":{"line":249,"column":75}}]},"10":{"line":258,"type":"binary-expr","locations":[{"start":{"line":258,"column":38},"end":{"line":258,"column":61}},{"start":{"line":258,"column":65},"end":{"line":258,"column":85}}]},"11":{"line":121,"type":"cond-expr","locations":[{"start":{"line":121,"column":38},"end":{"line":121,"column":79}},{"start":{"line":121,"column":82},"end":{"line":121,"column":99}}]},"12":{"line":102,"type":"cond-expr","locations":[{"start":{"line":102,"column":38},"end":{"line":102,"column":61}},{"start":{"line":102,"column":64},"end":{"line":102,"column":75}}]},"13":{"line":106,"type":"cond-expr","locations":[{"start":{"line":106,"column":18},"end":{"line":106,"column":44}},{"start":{"line":107,"column":18},"end":{"line":107,"column":23}}]},"14":{"line":109,"type":"cond-expr","locations":[{"start":{"line":109,"column":49},"end":{"line":109,"column":58}},{"start":{"line":109,"column":61},"end":{"line":109,"column":76}}]},"15":{"line":110,"type":"cond-expr","locations":[{"start":{"line":110,"column":55},"end":{"line":110,"column":67}},{"start":{"line":110,"column":70},"end":{"line":110,"column":88}}]},"16":{"line":142,"type":"if","locations":[{"start":{"line":142,"column":8},"end":{"line":142,"column":7}},{"start":{"line":142,"column":8},"end":{"line":142,"column":7}}]},"17":{"line":143,"type":"binary-expr","locations":[{"start":{"line":143,"column":12},"end":{"line":143,"column":44}},{"start":{"line":144,"column":15},"end":{"line":144,"column":55}},{"start":{"line":145,"column":15},"end":{"line":145,"column":61}},{"start":{"line":146,"column":15},"end":{"line":146,"column":61}},{"start":{"line":147,"column":15},"end":{"line":147,"column":44}}]},"18":{"line":192,"type":"if","locations":[{"start":{"line":192,"column":8},"end":{"line":192,"column":7}},{"start":{"line":192,"column":8},"end":{"line":192,"column":7}}]},"19":{"line":197,"type":"if","locations":[{"start":{"line":197,"column":8},"end":{"line":197,"column":7}},{"start":{"line":197,"column":8},"end":{"line":197,"column":7}}]}},"l":{"1":1,"2":1,"4":1,"7":1,"8":1,"78":1,"84":1,"86":1,"89":0,"90":0,"96":1,"97":1,"100":1,"101":8,"102":8,"104":8,"117":8,"120":8,"127":8,"128":8,"133":1,"134":10,"135":10,"136":10,"137":10,"139":10,"140":10,"142":10,"149":9,"151":1,"156":1,"157":9,"159":1,"160":17,"176":17,"191":1,"192":9,"193":0,"195":9,"196":9,"197":9,"198":8,"207":8,"208":1,"209":1,"210":1,"212":1,"222":1,"223":1,"229":8,"230":1,"231":1,"232":1,"234":1,"235":1,"247":8,"248":10,"249":10,"250":0,"252":10,"254":10,"258":12,"264":1}},
"F:\\ScheduleReactCode\\react-painlessform\\src\\helpers\\form.ts":{"path":"F:\\ScheduleReactCode\\react-painlessform\\src\\helpers\\form.ts","s":{"1":1,"2":10,"3":10,"4":12,"5":12,"6":12,"7":10,"8":1,"9":1,"10":1,"11":1,"12":4,"13":4,"14":1,"15":1,"16":1,"17":9,"18":9,"19":34,"20":34,"21":9,"22":1,"23":1,"24":0,"25":0,"26":0,"27":0,"28":0,"29":1,"30":1,"31":42,"32":42,"33":1,"34":41,"35":144,"36":144,"37":41,"38":1,"39":1,"40":20,"41":20,"42":0,"43":20,"44":74,"45":74,"46":74,"47":74,"48":20,"49":1},"b":{"1":[12,5],"2":[12,0],"3":[12,5],"4":[34,34],"5":[34,34],"6":[1,41],"7":[0,20]},"f":{"1":10,"2":1,"3":9,"4":0,"5":42,"6":20},"fnMap":{"1":{"name":"mergeModels","line":4,"loc":{"start":{"line":4,"column":0},"end":{"line":4,"column":161}}},"2":{"name":"updateModelFields","line":24,"loc":{"start":{"line":24,"column":0},"end":{"line":24,"column":90}}},"3":{"name":"updateModel","line":40,"loc":{"start":{"line":40,"column":0},"end":{"line":40,"column":93}}},"4":{"name":"resetModel","line":56,"loc":{"start":{"line":56,"column":0},"end":{"line":56,"column":49}}},"5":{"name":"getValuesFromModel","line":75,"loc":{"start":{"line":75,"column":0},"end":{"line":75,"column":57}}},"6":{"name":"getMapsFromModel","line":86,"loc":{"start":{"line":86,"column":0},"end":{"line":86,"column":55}}}},"statementMap":{"1":{"start":{"line":4,"column":0},"end":{"line":17,"column":1}},"2":{"start":{"line":5,"column":4},"end":{"line":5,"column":57}},"3":{"start":{"line":6,"column":4},"end":{"line":15,"column":5}},"4":{"start":{"line":6,"column":9},"end":{"line":6,"column":18}},"5":{"start":{"line":7,"column":8},"end":{"line":10,"column":10}},"6":{"start":{"line":11,"column":8},"end":{"line":14,"column":10}},"7":{"start":{"line":16,"column":4},"end":{"line":16,"column":20}},"8":{"start":{"line":4,"column":0},"end":{"line":17,"column":1}},"9":{"start":{"line":24,"column":0},"end":{"line":33,"column":1}},"10":{"start":{"line":25,"column":4},"end":{"line":25,"column":57}},"11":{"start":{"line":26,"column":4},"end":{"line":31,"column":5}},"12":{"start":{"line":26,"column":9},"end":{"line":26,"column":18}},"13":{"start":{"line":27,"column":8},"end":{"line":30,"column":10}},"14":{"start":{"line":32,"column":4},"end":{"line":32,"column":20}},"15":{"start":{"line":24,"column":0},"end":{"line":33,"column":1}},"16":{"start":{"line":40,"column":0},"end":{"line":50,"column":1}},"17":{"start":{"line":41,"column":4},"end":{"line":41,"column":57}},"18":{"start":{"line":42,"column":4},"end":{"line":48,"column":5}},"19":{"start":{"line":42,"column":9},"end":{"line":42,"column":18}},"20":{"start":{"line":43,"column":8},"end":{"line":47,"column":10}},"21":{"start":{"line":49,"column":4},"end":{"line":49,"column":20}},"22":{"start":{"line":40,"column":0},"end":{"line":50,"column":1}},"23":{"start":{"line":56,"column":0},"end":{"line":69,"column":1}},"24":{"start":{"line":57,"column":4},"end":{"line":57,"column":43}},"25":{"start":{"line":58,"column":4},"end":{"line":67,"column":5}},"26":{"start":{"line":58,"column":9},"end":{"line":58,"column":18}},"27":{"start":{"line":59,"column":8},"end":{"line":66,"column":10}},"28":{"start":{"line":68,"column":4},"end":{"line":68,"column":20}},"29":{"start":{"line":56,"column":0},"end":{"line":69,"column":1}},"30":{"start":{"line":75,"column":0},"end":{"line":84,"column":1}},"31":{"start":{"line":76,"column":4},"end":{"line":76,"column":32}},"32":{"start":{"line":77,"column":4},"end":{"line":79,"column":5}},"33":{"start":{"line":78,"column":8},"end":{"line":78,"column":25}},"34":{"start":{"line":80,"column":4},"end":{"line":82,"column":5}},"35":{"start":{"line":80,"column":9},"end":{"line":80,"column":18}},"36":{"start":{"line":81,"column":8},"end":{"line":81,"column":39}},"37":{"start":{"line":83,"column":4},"end":{"line":83,"column":18}},"38":{"start":{"line":75,"column":0},"end":{"line":84,"column":1}},"39":{"start":{"line":86,"column":0},"end":{"line":101,"column":1}},"40":{"start":{"line":87,"column":4},"end":{"line":91,"column":13}},"41":{"start":{"line":92,"column":4},"end":{"line":94,"column":5}},"42":{"start":{"line":93,"column":8},"end":{"line":93,"column":25}},"43":{"start":{"line":95,"column":4},"end":{"line":99,"column":5}},"44":{"start":{"line":95,"column":9},"end":{"line":95,"column":18}},"45":{"start":{"line":96,"column":8},"end":{"line":96,"column":44}},"46":{"start":{"line":97,"column":8},"end":{"line":97,"column":51}},"47":{"start":{"line":98,"column":8},"end":{"line":98,"column":51}},"48":{"start":{"line":100,"column":4},"end":{"line":100,"column":16}},"49":{"start":{"line":86,"column":0},"end":{"line":101,"column":1}}},"branchMap":{"1":{"line":8,"type":"binary-expr","locations":[{"start":{"line":8,"column":16},"end":{"line":8,"column":29}},{"start":{"line":8,"column":33},"end":{"line":8,"column":35}}]},"2":{"line":13,"type":"cond-expr","locations":[{"start":{"line":13,"column":23},"end":{"line":13,"column":57}},{"start":{"line":13,"column":60},"end":{"line":13,"column":62}}]},"3":{"line":13,"type":"binary-expr","locations":[{"start":{"line":13,"column":39},"end":{"line":13,"column":49}},{"start":{"line":13,"column":53},"end":{"line":13,"column":55}}]},"4":{"line":44,"type":"binary-expr","locations":[{"start":{"line":44,"column":16},"end":{"line":44,"column":29}},{"start":{"line":44,"column":33},"end":{"line":44,"column":35}}]},"5":{"line":46,"type":"binary-expr","locations":[{"start":{"line":46,"column":16},"end":{"line":46,"column":20}},{"start":{"line":46,"column":24},"end":{"line":46,"column":26}}]},"6":{"line":77,"type":"if","locations":[{"start":{"line":77,"column":4},"end":{"line":77,"column":3}},{"start":{"line":77,"column":4},"end":{"line":77,"column":3}}]},"7":{"line":92,"type":"if","locations":[{"start":{"line":92,"column":4},"end":{"line":92,"column":3}},{"start":{"line":92,"column":4},"end":{"line":92,"column":3}}]}},"l":{"4":1,"5":10,"6":12,"7":12,"11":12,"16":10,"24":1,"25":1,"26":4,"27":4,"32":1,"40":1,"41":9,"42":34,"43":34,"49":9,"56":1,"57":0,"58":0,"59":0,"68":0,"75":1,"76":42,"77":42,"78":1,"80":144,"81":144,"83":41,"86":1,"87":20,"92":20,"93":0,"95":74,"96":74,"97":74,"98":74,"100":20}},
"F:\\ScheduleReactCode\\react-painlessform\\src\\components\\Transform.tsx":{"path":"F:\\ScheduleReactCode\\react-painlessform\\src\\components\\Transform.tsx","s":{"1":1,"2":1,"3":1,"4":1,"5":1,"6":1,"7":16,"8":16,"9":16,"10":20,"11":20,"12":20,"13":20,"14":20,"15":10,"16":20,"17":16,"18":8,"19":16,"20":0,"21":0,"22":0,"23":1,"24":34,"25":34,"26":34,"27":34,"28":34,"29":34,"30":1,"31":16,"32":8,"33":1,"34":0,"35":0,"36":1,"37":1},"b":{"1":[16,16,16],"2":[10,10],"3":[0,0],"4":[8,8],"5":[0,0]},"f":{"1":20,"2":10,"3":8,"4":0,"5":34},"fnMap":{"1":{"name":"(anonymous_9)","line":37,"loc":{"start":{"line":37,"column":16},"end":{"line":37,"column":71}}},"2":{"name":"(anonymous_10)","line":45,"loc":{"start":{"line":45,"column":34},"end":{"line":45,"column":48}}},"3":{"name":"(anonymous_11)","line":84,"loc":{"start":{"line":84,"column":29},"end":{"line":84,"column":49}}},"4":{"name":"(anonymous_12)","line":87,"loc":{"start":{"line":87,"column":31},"end":{"line":87,"column":51}}},"5":{"name":"(anonymous_14)","line":57,"loc":{"start":{"line":57,"column":17},"end":{"line":57,"column":26}}}},"statementMap":{"1":{"start":{"line":1,"column":0},"end":{"line":1,"column":31}},"2":{"start":{"line":3,"column":0},"end":{"line":3,"column":59}},"3":{"start":{"line":24,"column":15},"end":{"line":24,"column":93}},"4":{"start":{"line":34,"column":0},"end":{"line":93,"column":1}},"5":{"start":{"line":34,"column":34},"end":{"line":34,"column":68}},"6":{"start":{"line":34,"column":0},"end":{"line":93,"column":1}},"7":{"start":{"line":34,"column":0},"end":{"line":93,"column":1}},"8":{"start":{"line":35,"column":12},"end":{"line":35,"column":51}},"9":{"start":{"line":37,"column":4},"end":{"line":52,"column":5}},"10":{"start":{"line":38,"column":16},"end":{"line":38,"column":43}},"11":{"start":{"line":39,"column":8},"end":{"line":39,"column":64}},"12":{"start":{"line":40,"column":8},"end":{"line":40,"column":77}},"13":{"start":{"line":41,"column":8},"end":{"line":44,"column":10}},"14":{"start":{"line":45,"column":8},"end":{"line":50,"column":11}},"15":{"start":{"line":46,"column":12},"end":{"line":49,"column":14}},"16":{"start":{"line":51,"column":8},"end":{"line":51,"column":21}},"17":{"start":{"line":84,"column":12},"end":{"line":86,"column":5}},"18":{"start":{"line":85,"column":8},"end":{"line":85,"column":38}},"19":{"start":{"line":87,"column":12},"end":{"line":92,"column":5}},"20":{"start":{"line":88,"column":8},"end":{"line":88,"column":52}},"21":{"start":{"line":89,"column":8},"end":{"line":91,"column":9}},"22":{"start":{"line":90,"column":12},"end":{"line":90,"column":43}},"23":{"start":{"line":53,"column":4},"end":{"line":73,"column":5}},"24":{"start":{"line":53,"column":4},"end":{"line":73,"column":5}},"25":{"start":{"line":54,"column":16},"end":{"line":54,"column":55}},"26":{"start":{"line":55,"column":8},"end":{"line":72,"column":10}},"27":{"start":{"line":58,"column":20},"end":{"line":61,"column":22}},"28":{"start":{"line":63,"column":20},"end":{"line":63,"column":46}},"29":{"start":{"line":65,"column":20},"end":{"line":69,"column":22}},"30":{"start":{"line":74,"column":4},"end":{"line":78,"column":5}},"31":{"start":{"line":75,"column":8},"end":{"line":77,"column":9}},"32":{"start":{"line":76,"column":12},"end":{"line":76,"column":47}},"33":{"start":{"line":79,"column":4},"end":{"line":83,"column":5}},"34":{"start":{"line":80,"column":8},"end":{"line":82,"column":9}},"35":{"start":{"line":81,"column":12},"end":{"line":81,"column":49}},"36":{"start":{"line":93,"column":0},"end":{"line":93,"column":1}},"37":{"start":{"line":34,"column":13},"end":{"line":34,"column":22}}},"branchMap":{"1":{"line":34,"type":"binary-expr","locations":[{"start":{"line":34,"column":0},"end":{"line":93,"column":0}},{"start":{"line":34,"column":0},"end":{"line":93,"column":0}},{"start":{"line":34,"column":0},"end":{"line":93,"column":0}}]},"2":{"line":40,"type":"cond-expr","locations":[{"start":{"line":40,"column":42},"end":{"line":40,"column":71}},{"start":{"line":40,"column":74},"end":{"line":40,"column":76}}]},"3":{"line":89,"type":"if","locations":[{"start":{"line":89,"column":8},"end":{"line":89,"column":7}},{"start":{"line":89,"column":8},"end":{"line":89,"column":7}}]},"4":{"line":75,"type":"if","locations":[{"start":{"line":75,"column":8},"end":{"line":75,"column":7}},{"start":{"line":75,"column":8},"end":{"line":75,"column":7}}]},"5":{"line":80,"type":"if","locations":[{"start":{"line":80,"column":8},"end":{"line":80,"column":7}},{"start":{"line":80,"column":8},"end":{"line":80,"column":7}}]}},"l":{"1":1,"3":1,"24":1,"34":16,"35":16,"37":16,"38":20,"39":20,"40":20,"41":20,"45":20,"46":10,"51":20,"53":34,"54":34,"55":34,"58":34,"63":34,"65":34,"74":1,"75":16,"76":8,"79":1,"80":0,"81":0,"84":16,"85":8,"87":16,"88":0,"89":0,"90":0,"93":1}},
"F:\\ScheduleReactCode\\react-painlessform\\src\\components\\Validation.tsx":{"path":"F:\\ScheduleReactCode\\react-painlessform\\src\\components\\Validation.tsx","s":{"1":1,"2":1,"3":1,"4":1,"5":1,"6":1,"7":1,"8":1,"9":1,"10":1,"11":1,"12":1,"13":12,"14":12,"15":12,"16":12,"17":12,"18":21,"19":21,"20":21,"21":21,"22":0,"23":21,"24":12,"25":21,"26":21,"27":21,"28":21,"29":21,"30":21,"31":18,"32":3,"33":0,"34":3,"35":3,"36":3,"37":0,"38":3,"39":3,"40":2,"41":2,"42":2,"43":2,"44":1,"45":2,"46":2,"47":1,"48":1,"49":2,"50":1,"51":1,"52":1,"53":1,"54":1,"55":1,"56":1,"57":3,"58":1,"59":1,"60":1,"61":1,"62":3,"63":3,"64":3,"65":3,"66":12,"67":0,"68":12,"69":0,"70":0,"71":0,"72":1,"73":21,"74":21,"75":17,"76":17,"77":17,"78":17,"79":1,"80":8,"81":0,"82":1,"83":0,"84":0,"85":1,"86":1,"87":1},"b":{"1":[12,12,12],"2":[18,3],"3":[21,20,17],"4":[0,3],"5":[3,3],"6":[0,3],"7":[3,0,0],"8":[3,0],"9":[2,1],"10":[1,1],"11":[2,1],"12":[1,1],"13":[1,0],"14":[1,2],"15":[1,0],"16":[0,0],"17":[0,17],"18":[0,17],"19":[0,8],"20":[0,0]},"f":{"1":21,"2":0,"3":21,"4":2,"5":2,"6":1,"7":0,"8":0,"9":17,"10":17},"fnMap":{"1":{"name":"(anonymous_9)","line":92,"loc":{"start":{"line":92,"column":15},"end":{"line":92,"column":35}}},"2":{"name":"(anonymous_10)","line":100,"loc":{"start":{"line":100,"column":32},"end":{"line":100,"column":41}}},"3":{"name":"(anonymous_11)","line":142,"loc":{"start":{"line":142,"column":24},"end":{"line":142,"column":33}}},"4":{"name":"(anonymous_12)","line":182,"loc":{"start":{"line":182,"column":46},"end":{"line":182,"column":51}}},"5":{"name":"(anonymous_13)","line":187,"loc":{"start":{"line":187,"column":56},"end":{"line":187,"column":63}}},"6":{"name":"(anonymous_14)","line":194,"loc":{"start":{"line":194,"column":50},"end":{"line":194,"column":57}}},"7":{"name":"(anonymous_15)","line":231,"loc":{"start":{"line":231,"column":30},"end":{"line":231,"column":51}}},"8":{"name":"(anonymous_16)","line":234,"loc":{"start":{"line":234,"column":32},"end":{"line":234,"column":53}}},"9":{"name":"(anonymous_18)","line":109,"loc":{"start":{"line":109,"column":17},"end":{"line":109,"column":34}}},"10":{"name":"(anonymous_19)","line":111,"loc":{"start":{"line":111,"column":25},"end":{"line":111,"column":36}}}},"statementMap":{"1":{"start":{"line":1,"column":0},"end":{"line":1,"column":31}},"2":{"start":{"line":2,"column":0},"end":{"line":2,"column":46}},"3":{"start":{"line":7,"column":0},"end":{"line":7,"column":53}},"4":{"start":{"line":8,"column":0},"end":{"line":8,"column":67}},"5":{"start":{"line":11,"column":0},"end":{"line":11,"column":33}},"6":{"start":{"line":12,"column":0},"end":{"line":12,"column":61}},"7":{"start":{"line":57,"column":0},"end":{"line":57,"column":39}},"8":{"start":{"line":58,"column":0},"end":{"line":58,"column":52}},"9":{"start":{"line":60,"column":15},"end":{"line":64,"column":10}},"10":{"start":{"line":75,"column":0},"end":{"line":240,"column":1}},"11":{"start":{"line":75,"column":35},"end":{"line":75,"column":76}},"12":{"start":{"line":75,"column":0},"end":{"line":240,"column":1}},"13":{"start":{"line":75,"column":0},"end":{"line":240,"column":1}},"14":{"start":{"line":80,"column":4},"end":{"line":84,"column":13}},"15":{"start":{"line":85,"column":4},"end":{"line":89,"column":6}},"16":{"start":{"line":90,"column":12},"end":{"line":90,"column":50}},"17":{"start":{"line":92,"column":4},"end":{"line":104,"column":5}},"18":{"start":{"line":93,"column":8},"end":{"line":97,"column":17}},"19":{"start":{"line":98,"column":8},"end":{"line":98,"column":49}},"20":{"start":{"line":99,"column":8},"end":{"line":99,"column":124}},"21":{"start":{"line":100,"column":8},"end":{"line":102,"column":11}},"22":{"start":{"line":101,"column":12},"end":{"line":101,"column":133}},"23":{"start":{"line":103,"column":8},"end":{"line":103,"column":26}},"24":{"start":{"line":142,"column":12},"end":{"line":230,"column":5}},"25":{"start":{"line":143,"column":8},"end":{"line":143,"column":47}},"26":{"start":{"line":144,"column":8},"end":{"line":144,"column":34}},"27":{"start":{"line":145,"column":8},"end":{"line":145,"column":27}},"28":{"start":{"line":147,"column":8},"end":{"line":147,"column":43}},"29":{"start":{"line":148,"column":16},"end":{"line":148,"column":52}},"30":{"start":{"line":150,"column":8},"end":{"line":152,"column":9}},"31":{"start":{"line":151,"column":12},"end":{"line":151,"column":53}},"32":{"start":{"line":154,"column":8},"end":{"line":160,"column":9}},"33":{"start":{"line":155,"column":12},"end":{"line":159,"column":21}},"34":{"start":{"line":162,"column":8},"end":{"line":162,"column":33}},"35":{"start":{"line":163,"column":8},"end":{"line":163,"column":36}},"36":{"start":{"line":165,"column":8},"end":{"line":169,"column":9}},"37":{"start":{"line":168,"column":12},"end":{"line":168,"column":36}},"38":{"start":{"line":171,"column":8},"end":{"line":212,"column":9}},"39":{"start":{"line":172,"column":12},"end":{"line":211,"column":13}},"40":{"start":{"line":173,"column":16},"end":{"line":198,"column":17}},"41":{"start":{"line":174,"column":20},"end":{"line":178,"column":23}},"42":{"start":{"line":180,"column":20},"end":{"line":180,"column":74}},"43":{"start":{"line":181,"column":20},"end":{"line":196,"column":21}},"44":{"start":{"line":182,"column":24},"end":{"line":189,"column":27}},"45":{"start":{"line":183,"column":28},"end":{"line":188,"column":30}},"46":{"start":{"line":187,"column":67},"end":{"line":187,"column":80}},"47":{"start":{"line":191,"column":24},"end":{"line":195,"column":26}},"48":{"start":{"line":194,"column":61},"end":{"line":194,"column":74}},"49":{"start":{"line":197,"column":20},"end":{"line":197,"column":36}},"50":{"start":{"line":200,"column":16},"end":{"line":203,"column":18}},"51":{"start":{"line":204,"column":16},"end":{"line":210,"column":17}},"52":{"start":{"line":204,"column":21},"end":{"line":204,"column":30}},"53":{"start":{"line":205,"column":20},"end":{"line":209,"column":21}},"54":{"start":{"line":206,"column":24},"end":{"line":206,"column":40}},"55":{"start":{"line":207,"column":24},"end":{"line":207,"column":43}},"56":{"start":{"line":208,"column":24},"end":{"line":208,"column":30}},"57":{"start":{"line":213,"column":8},"end":{"line":222,"column":9}},"58":{"start":{"line":214,"column":12},"end":{"line":217,"column":14}},"59":{"start":{"line":218,"column":12},"end":{"line":221,"column":13}},"60":{"start":{"line":219,"column":16},"end":{"line":219,"column":32}},"61":{"start":{"line":220,"column":16},"end":{"line":220,"column":33}},"62":{"start":{"line":225,"column":8},"end":{"line":225,"column":75}},"63":{"start":{"line":227,"column":8},"end":{"line":227,"column":49}},"64":{"start":{"line":228,"column":8},"end":{"line":228,"column":34}},"65":{"start":{"line":229,"column":8},"end":{"line":229,"column":22}},"66":{"start":{"line":231,"column":12},"end":{"line":233,"column":5}},"67":{"start":{"line":232,"column":8},"end":{"line":232,"column":36}},"68":{"start":{"line":234,"column":12},"end":{"line":239,"column":5}},"69":{"start":{"line":235,"column":8},"end":{"line":235,"column":50}},"70":{"start":{"line":236,"column":8},"end":{"line":238,"column":9}},"71":{"start":{"line":237,"column":12},"end":{"line":237,"column":41}},"72":{"start":{"line":106,"column":4},"end":{"line":128,"column":5}},"73":{"start":{"line":106,"column":4},"end":{"line":128,"column":5}},"74":{"start":{"line":107,"column":8},"end":{"line":127,"column":10}},"75":{"start":{"line":109,"column":38},"end":{"line":125,"column":17}},"76":{"start":{"line":112,"column":28},"end":{"line":114,"column":44}},"77":{"start":{"line":116,"column":28},"end":{"line":120,"column":30}},"78":{"start":{"line":122,"column":28},"end":{"line":122,"column":94}},"79":{"start":{"line":129,"column":4},"end":{"line":133,"column":5}},"80":{"start":{"line":130,"column":8},"end":{"line":132,"column":9}},"81":{"start":{"line":131,"column":12},"end":{"line":131,"column":48}},"82":{"start":{"line":134,"column":4},"end":{"line":138,"column":5}},"83":{"start":{"line":135,"column":8},"end":{"line":137,"column":9}},"84":{"start":{"line":136,"column":12},"end":{"line":136,"column":50}},"85":{"start":{"line":76,"column":11},"end":{"line":79,"column":6}},"86":{"start":{"line":240,"column":0},"end":{"line":240,"column":1}},"87":{"start":{"line":75,"column":13},"end":{"line":75,"column":23}}},"branchMap":{"1":{"line":75,"type":"binary-expr","locations":[{"start":{"line":75,"column":0},"end":{"line":240,"column":0}},{"start":{"line":75,"column":0},"end":{"line":240,"column":0}},{"start":{"line":75,"column":0},"end":{"line":240,"column":0}}]},"2":{"line":150,"type":"if","locations":[{"start":{"line":150,"column":8},"end":{"line":150,"column":7}},{"start":{"line":150,"column":8},"end":{"line":150,"column":7}}]},"3":{"line":150,"type":"binary-expr","locations":[{"start":{"line":150,"column":12},"end":{"line":150,"column":18}},{"start":{"line":150,"column":23},"end":{"line":150,"column":33}},{"start":{"line":150,"column":37},"end":{"line":150,"column":52}}]},"4":{"line":154,"type":"if","locations":[{"start":{"line":154,"column":8},"end":{"line":154,"column":7}},{"start":{"line":154,"column":8},"end":{"line":154,"column":7}}]},"5":{"line":154,"type":"binary-expr","locations":[{"start":{"line":154,"column":12},"end":{"line":154,"column":24}},{"start":{"line":154,"column":28},"end":{"line":154,"column":39}}]},"6":{"line":165,"type":"if","locations":[{"start":{"line":165,"column":8},"end":{"line":165,"column":7}},{"start":{"line":165,"column":8},"end":{"line":165,"column":7}}]},"7":{"line":165,"type":"binary-expr","locations":[{"start":{"line":165,"column":12},"end":{"line":165,"column":43}},{"start":{"line":166,"column":15},"end":{"line":166,"column":46}},{"start":{"line":167,"column":15},"end":{"line":167,"column":46}}]},"8":{"line":171,"type":"if","locations":[{"start":{"line":171,"column":8},"end":{"line":171,"column":7}},{"start":{"line":171,"column":8},"end":{"line":171,"column":7}}]},"9":{"line":172,"type":"if","locations":[{"start":{"line":172,"column":12},"end":{"line":172,"column":11}},{"start":{"line":172,"column":12},"end":{"line":172,"column":11}}]},"10":{"line":181,"type":"if","locations":[{"start":{"line":181,"column":20},"end":{"line":181,"column":19}},{"start":{"line":181,"column":20},"end":{"line":181,"column":19}}]},"11":{"line":186,"type":"binary-expr","locations":[{"start":{"line":186,"column":41},"end":{"line":186,"column":59}},{"start":{"line":186,"column":63},"end":{"line":186,"column":65}}]},"12":{"line":193,"type":"binary-expr","locations":[{"start":{"line":193,"column":49},"end":{"line":193,"column":69}},{"start":{"line":193,"column":73},"end":{"line":193,"column":75}}]},"13":{"line":205,"type":"if","locations":[{"start":{"line":205,"column":20},"end":{"line":205,"column":19}},{"start":{"line":205,"column":20},"end":{"line":205,"column":19}}]},"14":{"line":213,"type":"if","locations":[{"start":{"line":213,"column":8},"end":{"line":213,"column":7}},{"start":{"line":213,"column":8},"end":{"line":213,"column":7}}]},"15":{"line":218,"type":"if","locations":[{"start":{"line":218,"column":12},"end":{"line":218,"column":11}},{"start":{"line":218,"column":12},"end":{"line":218,"column":11}}]},"16":{"line":236,"type":"if","locations":[{"start":{"line":236,"column":8},"end":{"line":236,"column":7}},{"start":{"line":236,"column":8},"end":{"line":236,"column":7}}]},"17":{"line":113,"type":"cond-expr","locations":[{"start":{"line":113,"column":34},"end":{"line":113,"column":51}},{"start":{"line":114,"column":34},"end":{"line":114,"column":43}}]},"18":{"line":117,"type":"cond-expr","locations":[{"start":{"line":117,"column":52},"end":{"line":117,"column":69}},{"start":{"line":117,"column":72},"end":{"line":117,"column":127}}]},"19":{"line":130,"type":"if","locations":[{"start":{"line":130,"column":8},"end":{"line":130,"column":7}},{"start":{"line":130,"column":8},"end":{"line":130,"column":7}}]},"20":{"line":135,"type":"if","locations":[{"start":{"line":135,"column":8},"end":{"line":135,"column":7}},{"start":{"line":135,"column":8},"end":{"line":135,"column":7}}]}},"l":{"1":1,"2":1,"7":1,"8":1,"11":1,"12":1,"57":1,"58":1,"60":1,"75":12,"76":1,"80":12,"85":12,"90":12,"92":12,"93":21,"98":21,"99":21,"100":21,"101":0,"103":21,"106":21,"107":21,"109":17,"112":17,"116":17,"122":17,"129":1,"130":8,"131":0,"134":1,"135":0,"136":0,"142":12,"143":21,"144":21,"145":21,"147":21,"148":21,"150":21,"151":18,"154":3,"155":0,"162":3,"163":3,"165":3,"168":0,"171":3,"172":3,"173":2,"174":2,"180":2,"181":2,"182":1,"183":2,"187":2,"191":1,"194":1,"197":2,"200":1,"204":1,"205":1,"206":1,"207":1,"208":1,"213":3,"214":1,"218":1,"219":1,"220":1,"225":3,"227":3,"228":3,"229":3,"231":12,"232":0,"234":12,"235":0,"236":0,"237":0,"240":1}},
"F:\\ScheduleReactCode\\react-painlessform\\src\\helpers\\validation.ts":{"path":"F:\\ScheduleReactCode\\react-painlessform\\src\\helpers\\validation.ts","s":{"1":1,"2":1,"3":21,"4":1,"5":1,"6":21,"7":21,"8":68,"9":21,"10":1},"b":{"1":[21,21],"2":[0,68]},"f":{"1":21,"2":21,"3":68},"fnMap":{"1":{"name":"mergeValidations","line":6,"loc":{"start":{"line":6,"column":0},"end":{"line":6,"column":101}}},"2":{"name":"getProps","line":14,"loc":{"start":{"line":14,"column":0},"end":{"line":14,"column":69}}},"3":{"name":"(anonymous_3)","line":16,"loc":{"start":{"line":16,"column":33},"end":{"line":16,"column":36}}}},"statementMap":{"1":{"start":{"line":4,"column":0},"end":{"line":4,"column":43}},"2":{"start":{"line":6,"column":0},"end":{"line":12,"column":1}},"3":{"start":{"line":7,"column":4},"end":{"line":11,"column":13}},"4":{"start":{"line":6,"column":0},"end":{"line":12,"column":1}},"5":{"start":{"line":14,"column":0},"end":{"line":20,"column":1}},"6":{"start":{"line":15,"column":4},"end":{"line":15,"column":48}},"7":{"start":{"line":16,"column":4},"end":{"line":18,"column":7}},"8":{"start":{"line":17,"column":8},"end":{"line":17,"column":88}},"9":{"start":{"line":19,"column":4},"end":{"line":19,"column":17}},"10":{"start":{"line":14,"column":0},"end":{"line":20,"column":1}}},"branchMap":{"1":{"line":8,"type":"binary-expr","locations":[{"start":{"line":8,"column":19},"end":{"line":8,"column":35}},{"start":{"line":8,"column":39},"end":{"line":8,"column":58}}]},"2":{"line":17,"type":"cond-expr","locations":[{"start":{"line":17,"column":58},"end":{"line":17,"column":72}},{"start":{"line":17,"column":75},"end":{"line":17,"column":87}}]}},"l":{"4":1,"6":1,"7":21,"14":1,"15":21,"16":21,"17":68,"19":21}},
"F:\\ScheduleReactCode\\react-painlessform\\src\\FieldValidator.ts":{"path":"F:\\ScheduleReactCode\\react-painlessform\\src\\FieldValidator.ts","s":{"1":1,"2":1,"3":5,"4":5,"5":20,"6":5,"7":5,"8":1,"9":10,"10":0,"11":10,"12":1,"13":1,"14":1,"15":5,"16":1},"b":{"1":[5,5],"2":[0,10],"3":[10,10]},"f":{"1":5,"2":20,"3":10,"4":5},"fnMap":{"1":{"name":"FieldValidator","line":9,"loc":{"start":{"line":9,"column":4},"end":{"line":12,"column":74}}},"2":{"name":"(anonymous_3)","line":15,"loc":{"start":{"line":15,"column":43},"end":{"line":15,"column":47}}},"3":{"name":"(anonymous_4)","line":20,"loc":{"start":{"line":20,"column":4},"end":{"line":20,"column":39}}},"4":{"name":"createFieldValidator","line":32,"loc":{"start":{"line":32,"column":0},"end":{"line":35,"column":70}}}},"statementMap":{"1":{"start":{"line":4,"column":0},"end":{"line":30,"column":1}},"2":{"start":{"line":9,"column":4},"end":{"line":18,"column":5}},"3":{"start":{"line":14,"column":8},"end":{"line":14,"column":25}},"4":{"start":{"line":15,"column":8},"end":{"line":15,"column":63}},"5":{"start":{"line":15,"column":51},"end":{"line":15,"column":61}},"6":{"start":{"line":16,"column":8},"end":{"line":16,"column":35}},"7":{"start":{"line":17,"column":8},"end":{"line":17,"column":49}},"8":{"start":{"line":20,"column":4},"end":{"line":29,"column":5}},"9":{"start":{"line":21,"column":8},"end":{"line":24,"column":9}},"10":{"start":{"line":23,"column":12},"end":{"line":23,"column":45}},"11":{"start":{"line":26,"column":8},"end":{"line":28,"column":33}},"12":{"start":{"line":30,"column":0},"end":{"line":30,"column":1}},"13":{"start":{"line":4,"column":13},"end":{"line":4,"column":27}},"14":{"start":{"line":32,"column":0},"end":{"line":38,"column":1}},"15":{"start":{"line":37,"column":4},"end":{"line":37,"column":60}},"16":{"start":{"line":32,"column":0},"end":{"line":38,"column":1}}},"branchMap":{"1":{"line":15,"type":"binary-expr","locations":[{"start":{"line":15,"column":27},"end":{"line":15,"column":38}},{"start":{"line":15,"column":43},"end":{"line":15,"column":61}}]},"2":{"line":21,"type":"if","locations":[{"start":{"line":21,"column":8},"end":{"line":21,"column":7}},{"start":{"line":21,"column":8},"end":{"line":21,"column":7}}]},"3":{"line":21,"type":"binary-expr","locations":[{"start":{"line":21,"column":12},"end":{"line":21,"column":30}},{"start":{"line":21,"column":34},"end":{"line":21,"column":70}}]}},"l":{"4":1,"9":1,"14":5,"15":20,"16":5,"17":5,"20":1,"21":10,"23":0,"26":10,"30":1,"32":1,"37":5}},
"F:\\ScheduleReactCode\\react-painlessform\\src\\FormValidator.ts":{"path":"F:\\ScheduleReactCode\\react-painlessform\\src\\FormValidator.ts","s":{"1":1,"2":1,"3":1,"4":2,"5":5,"6":2,"7":2,"8":4,"9":4,"10":10,"11":2,"12":2,"13":1,"14":1,"15":1,"16":1,"17":1,"18":8,"19":4,"20":2,"21":1,"22":1,"23":1,"24":2,"25":5,"26":2,"27":1,"28":1,"29":1,"30":1},"b":{"1":[2,8],"2":[2,2],"3":[1,0]},"f":{"1":4,"2":10,"3":1,"4":1,"5":1},"fnMap":{"1":{"name":"(anonymous_3)","line":21,"loc":{"start":{"line":21,"column":15},"end":{"line":21,"column":42}}},"2":{"name":"(anonymous_4)","line":23,"loc":{"start":{"line":23,"column":32},"end":{"line":23,"column":41}}},"3":{"name":"(anonymous_5)","line":33,"loc":{"start":{"line":33,"column":47},"end":{"line":33,"column":52}}},"4":{"name":"(anonymous_6)","line":35,"loc":{"start":{"line":35,"column":63},"end":{"line":35,"column":70}}},"5":{"name":"createRawFormValidator","line":54,"loc":{"start":{"line":54,"column":0},"end":{"line":55,"column":61}}}},"statementMap":{"1":{"start":{"line":3,"column":0},"end":{"line":3,"column":49}},"2":{"start":{"line":14,"column":0},"end":{"line":46,"column":1}},"3":{"start":{"line":17,"column":4},"end":{"line":19,"column":5}},"4":{"start":{"line":17,"column":16},"end":{"line":17,"column":103}},"5":{"start":{"line":17,"column":16},"end":{"line":17,"column":103}},"6":{"start":{"line":17,"column":4},"end":{"line":19,"column":5}},"7":{"start":{"line":21,"column":4},"end":{"line":45,"column":5}},"8":{"start":{"line":22,"column":8},"end":{"line":22,"column":24}},"9":{"start":{"line":23,"column":8},"end":{"line":43,"column":11}},"10":{"start":{"line":24,"column":12},"end":{"line":42,"column":13}},"11":{"start":{"line":25,"column":16},"end":{"line":39,"column":17}},"12":{"start":{"line":26,"column":20},"end":{"line":29,"column":23}},"13":{"start":{"line":31,"column":20},"end":{"line":31,"column":66}},"14":{"start":{"line":32,"column":20},"end":{"line":38,"column":21}},"15":{"start":{"line":33,"column":24},"end":{"line":37,"column":27}},"16":{"start":{"line":34,"column":28},"end":{"line":36,"column":31}},"17":{"start":{"line":35,"column":74},"end":{"line":35,"column":87}},"18":{"start":{"line":41,"column":16},"end":{"line":41,"column":81}},"19":{"start":{"line":44,"column":8},"end":{"line":44,"column":45}},"20":{"start":{"line":18,"column":8},"end":{"line":18,"column":37}},"21":{"start":{"line":46,"column":0},"end":{"line":46,"column":1}},"22":{"start":{"line":14,"column":13},"end":{"line":14,"column":26}},"23":{"start":{"line":48,"column":0},"end":{"line":52,"column":1}},"24":{"start":{"line":49,"column":4},"end":{"line":49,"column":91}},"25":{"start":{"line":49,"column":4},"end":{"line":49,"column":91}},"26":{"start":{"line":51,"column":4},"end":{"line":51,"column":44}},"27":{"start":{"line":48,"column":0},"end":{"line":52,"column":1}},"28":{"start":{"line":54,"column":0},"end":{"line":58,"column":1}},"29":{"start":{"line":57,"column":4},"end":{"line":57,"column":35}},"30":{"start":{"line":54,"column":0},"end":{"line":58,"column":1}}},"branchMap":{"1":{"line":24,"type":"if","locations":[{"start":{"line":24,"column":12},"end":{"line":24,"column":11}},{"start":{"line":24,"column":12},"end":{"line":24,"column":11}}]},"2":{"line":28,"type":"binary-expr","locations":[{"start":{"line":28,"column":33},"end":{"line":28,"column":37}},{"start":{"line":28,"column":41},"end":{"line":28,"column":43}}]},"3":{"line":32,"type":"if","locations":[{"start":{"line":32,"column":20},"end":{"line":32,"column":19}},{"start":{"line":32,"column":20},"end":{"line":32,"column":19}}]}},"l":{"3":1,"14":1,"17":5,"18":2,"21":2,"22":4,"23":4,"24":10,"25":2,"26":2,"31":1,"32":1,"33":1,"34":1,"35":1,"41":8,"44":4,"46":1,"48":1,"49":5,"51":2,"54":1,"57":1}},
"F:\\ScheduleReactCode\\react-painlessform\\src\\ArrayValidator.ts":{"path":"F:\\ScheduleReactCode\\react-painlessform\\src\\ArrayValidator.ts","s":{"1":1,"2":1,"3":6,"4":6,"5":6,"6":1,"7":14,"8":14,"9":0,"10":14,"11":22,"12":22,"13":14,"14":1,"15":1,"16":1,"17":6,"18":9,"19":6,"20":1},"b":{"1":[0,14],"2":[12,10]},"f":{"1":6,"2":14,"3":22,"4":6},"fnMap":{"1":{"name":"ArrayValidator","line":11,"loc":{"start":{"line":11,"column":4},"end":{"line":11,"column":92}}},"2":{"name":"(anonymous_3)","line":17,"loc":{"start":{"line":17,"column":4},"end":{"line":17,"column":23}}},"3":{"name":"(anonymous_4)","line":22,"loc":{"start":{"line":22,"column":32},"end":{"line":22,"column":41}}},"4":{"name":"createValidator","line":32,"loc":{"start":{"line":32,"column":0},"end":{"line":33,"column":16}}}},"statementMap":{"1":{"start":{"line":7,"column":0},"end":{"line":30,"column":1}},"2":{"start":{"line":11,"column":4},"end":{"line":15,"column":5}},"3":{"start":{"line":12,"column":8},"end":{"line":12,"column":25}},"4":{"start":{"line":13,"column":8},"end":{"line":13,"column":37}},"5":{"start":{"line":14,"column":8},"end":{"line":14,"column":49}},"6":{"start":{"line":17,"column":4},"end":{"line":29,"column":5}},"7":{"start":{"line":18,"column":8},"end":{"line":18,"column":24}},"8":{"start":{"line":19,"column":8},"end":{"line":21,"column":9}},"9":{"start":{"line":20,"column":12},"end":{"line":20,"column":26}},"10":{"start":{"line":22,"column":8},"end":{"line":27,"column":11}},"11":{"start":{"line":23,"column":12},"end":{"line":23,"column":58}},"12":{"start":{"line":24,"column":12},"end":{"line":26,"column":47}},"13":{"start":{"line":28,"column":8},"end":{"line":28,"column":22}},"14":{"start":{"line":30,"column":0},"end":{"line":30,"column":1}},"15":{"start":{"line":7,"column":13},"end":{"line":7,"column":27}},"16":{"start":{"line":32,"column":0},"end":{"line":37,"column":1}},"17":{"start":{"line":34,"column":4},"end":{"line":34,"column":68}},"18":{"start":{"line":34,"column":4},"end":{"line":34,"column":68}},"19":{"start":{"line":36,"column":4},"end":{"line":36,"column":47}},"20":{"start":{"line":32,"column":0},"end":{"line":37,"column":1}}},"branchMap":{"1":{"line":19,"type":"if","locations":[{"start":{"line":19,"column":8},"end":{"line":19,"column":7}},{"start":{"line":19,"column":8},"end":{"line":19,"column":7}}]},"2":{"line":25,"type":"cond-expr","locations":[{"start":{"line":25,"column":22},"end":{"line":25,"column":48}},{"start":{"line":26,"column":22},"end":{"line":26,"column":46}}]}},"l":{"7":1,"11":1,"12":6,"13":6,"14":6,"17":1,"18":14,"19":14,"20":0,"22":14,"23":22,"24":22,"28":14,"30":1,"32":1,"34":9,"36":6}}}
